<?xml version="1.0" encoding="UTF-8"?>
<coverage generated="1524164584">
  <project timestamp="1524164584">
    <file name="/Users/dangin/Projects/Jeedom/plugins/Optimize/tests/mocked_Jeedom_env/plugins/Optimize/core/ajax/Optimize.ajax.php">
      <line num="19" type="stmt" count="2"/>
      <line num="22" type="stmt" count="2"/>
      <line num="23" type="stmt" count="2"/>
      <line num="25" type="stmt" count="2"/>
      <line num="26" type="stmt" count="1"/>
      <line num="29" type="stmt" count="1"/>
      <line num="31" type="stmt" count="1"/>
      <line num="34" type="stmt" count="1"/>
      <line num="35" type="stmt" count="1"/>
      <line num="36" type="stmt" count="1"/>
      <line num="39" type="stmt" count="1"/>
      <line num="41" type="stmt" count="1"/>
      <line num="42" type="stmt" count="1"/>
      <line num="45" type="stmt" count="1"/>
      <line num="47" type="stmt" count="2"/>
      <line num="48" type="stmt" count="2"/>
      <metrics loc="49" ncloc="30" classes="0" methods="0" coveredmethods="0" conditionals="0" coveredconditionals="0" statements="16" coveredstatements="16" elements="16" coveredelements="16"/>
    </file>
    <file name="/Users/dangin/Projects/Jeedom/plugins/Optimize/tests/mocked_Jeedom_env/plugins/Optimize/core/class/BaseOptimize.class.php">
      <class name="BaseOptimize" namespace="global">
        <metrics complexity="5" methods="5" coveredmethods="5" conditionals="0" coveredconditionals="0" statements="7" coveredstatements="7" elements="12" coveredelements="12"/>
      </class>
      <line num="34" type="method" name="initScore" visibility="public" complexity="1" crap="1" count="1"/>
      <line num="36" type="stmt" count="1"/>
      <line num="37" type="stmt" count="1"/>
      <line num="38" type="stmt" count="1"/>
      <line num="45" type="method" name="getCurrentScore" visibility="public" complexity="1" crap="1" count="2"/>
      <line num="47" type="stmt" count="2"/>
      <line num="55" type="method" name="getBestScore" visibility="public" complexity="1" crap="1" count="2"/>
      <line num="57" type="stmt" count="2"/>
      <line num="65" type="method" name="canSudo" visibility="public" complexity="1" crap="1" count="2"/>
      <line num="67" type="stmt" count="2"/>
      <line num="75" type="method" name="getJeedomRootDirectory" visibility="public" complexity="1" crap="1" count="3"/>
      <line num="77" type="stmt" count="3"/>
      <metrics loc="79" ncloc="35" classes="1" methods="5" coveredmethods="5" conditionals="0" coveredconditionals="0" statements="7" coveredstatements="7" elements="12" coveredelements="12"/>
    </file>
    <file name="/Users/dangin/Projects/Jeedom/plugins/Optimize/tests/mocked_Jeedom_env/plugins/Optimize/core/class/DataStorage.class.php">
      <class name="DataStorage" namespace="global">
        <metrics complexity="17" methods="12" coveredmethods="12" conditionals="0" coveredconditionals="0" statements="42" coveredstatements="42" elements="54" coveredelements="54"/>
      </class>
      <line num="32" type="method" name="__construct" visibility="public" complexity="1" crap="1" count="32"/>
      <line num="34" type="stmt" count="32"/>
      <line num="35" type="stmt" count="32"/>
      <line num="42" type="method" name="isDataTableExists" visibility="public" complexity="2" crap="2" count="5"/>
      <line num="44" type="stmt" count="5"/>
      <line num="45" type="stmt" count="5"/>
      <line num="46" type="stmt" count="5"/>
      <line num="47" type="stmt" count="5"/>
      <line num="48" type="stmt" count="5"/>
      <line num="49" type="stmt" count="2"/>
      <line num="51" type="stmt" count="5"/>
      <line num="57" type="method" name="createDataTable" visibility="public" complexity="2" crap="2" count="3"/>
      <line num="59" type="stmt" count="3"/>
      <line num="60" type="stmt" count="2"/>
      <line num="61" type="stmt" count="2"/>
      <line num="63" type="stmt" count="3"/>
      <line num="68" type="method" name="dropDataTable" visibility="public" complexity="1" crap="1" count="2"/>
      <line num="70" type="stmt" count="2"/>
      <line num="71" type="stmt" count="2"/>
      <line num="78" type="method" name="deleteData" visibility="public" complexity="1" crap="1" count="1"/>
      <line num="80" type="stmt" count="1"/>
      <line num="81" type="stmt" count="1"/>
      <line num="82" type="stmt" count="1"/>
      <line num="91" type="method" name="getRawData" visibility="public" complexity="2" crap="2" count="14"/>
      <line num="93" type="stmt" count="14"/>
      <line num="94" type="stmt" count="14"/>
      <line num="95" type="stmt" count="14"/>
      <line num="96" type="stmt" count="14"/>
      <line num="97" type="stmt" count="14"/>
      <line num="98" type="stmt" count="7"/>
      <line num="100" type="stmt" count="14"/>
      <line num="110" type="method" name="isDataExists" visibility="public" complexity="2" crap="2" count="8"/>
      <line num="112" type="stmt" count="8"/>
      <line num="113" type="stmt" count="8"/>
      <line num="114" type="stmt" count="3"/>
      <line num="116" type="stmt" count="8"/>
      <line num="125" type="method" name="addRawData" visibility="public" complexity="1" crap="1" count="5"/>
      <line num="127" type="stmt" count="5"/>
      <line num="128" type="stmt" count="5"/>
      <line num="129" type="stmt" count="5"/>
      <line num="137" type="method" name="updateRawData" visibility="public" complexity="1" crap="1" count="3"/>
      <line num="139" type="stmt" count="3"/>
      <line num="140" type="stmt" count="3"/>
      <line num="142" type="stmt" count="3"/>
      <line num="151" type="method" name="storeRawData" visibility="public" complexity="2" crap="2" count="6"/>
      <line num="153" type="stmt" count="6"/>
      <line num="154" type="stmt" count="2"/>
      <line num="156" type="stmt" count="4"/>
      <line num="158" type="stmt" count="6"/>
      <line num="166" type="method" name="storeJsonData" visibility="public" complexity="1" crap="1" count="2"/>
      <line num="168" type="stmt" count="2"/>
      <line num="169" type="stmt" count="2"/>
      <line num="178" type="method" name="getJsonData" visibility="public" complexity="1" crap="1" count="3"/>
      <line num="180" type="stmt" count="3"/>
      <metrics loc="182" ncloc="99" classes="1" methods="12" coveredmethods="12" conditionals="0" coveredconditionals="0" statements="42" coveredstatements="42" elements="54" coveredelements="54"/>
    </file>
    <file name="/Users/dangin/Projects/Jeedom/plugins/Optimize/tests/mocked_Jeedom_env/plugins/Optimize/core/class/Optimize.class.php">
      <class name="Optimize" namespace="global">
        <metrics complexity="15" methods="5" coveredmethods="5" conditionals="0" coveredconditionals="0" statements="34" coveredstatements="34" elements="39" coveredelements="39"/>
      </class>
      <line num="31" type="method" name="cronDaily" visibility="public" complexity="3" crap="3" count="3"/>
      <line num="33" type="stmt" count="3"/>
      <line num="34" type="stmt" count="2"/>
      <line num="36" type="stmt" count="2"/>
      <line num="37" type="stmt" count="2"/>
      <line num="38" type="stmt" count="2"/>
      <line num="39" type="stmt" count="1"/>
      <line num="40" type="stmt" count="1"/>
      <line num="41" type="stmt" count="1"/>
      <line num="42" type="stmt" count="1"/>
      <line num="45" type="stmt" count="3"/>
      <line num="54" type="method" name="changesInPlugins" visibility="private" complexity="6" crap="6" count="2"/>
      <line num="56" type="stmt" count="2"/>
      <line num="57" type="stmt" count="2"/>
      <line num="58" type="stmt" count="2"/>
      <line num="59" type="stmt" count="2"/>
      <line num="60" type="stmt" count="1"/>
      <line num="61" type="stmt" count="1"/>
      <line num="62" type="stmt" count="1"/>
      <line num="63" type="stmt" count="1"/>
      <line num="67" type="stmt" count="2"/>
      <line num="68" type="stmt" count="2"/>
      <line num="71" type="stmt" count="2"/>
      <line num="79" type="method" name="getCurrentPluginsList" visibility="private" complexity="3" crap="3" count="2"/>
      <line num="81" type="stmt" count="2"/>
      <line num="82" type="stmt" count="2"/>
      <line num="83" type="stmt" count="2"/>
      <line num="84" type="stmt" count="2"/>
      <line num="85" type="stmt" count="2"/>
      <line num="86" type="stmt" count="2"/>
      <line num="89" type="stmt" count="2"/>
      <line num="99" type="method" name="getOldPluginsList" visibility="private" complexity="2" crap="2" count="2"/>
      <line num="101" type="stmt" count="2"/>
      <line num="102" type="stmt" count="2"/>
      <line num="103" type="stmt" count="1"/>
      <line num="105" type="stmt" count="2"/>
      <line num="114" type="method" name="storeCurrentPluginList" visibility="private" complexity="1" crap="1" count="1"/>
      <line num="116" type="stmt" count="1"/>
      <line num="117" type="stmt" count="1"/>
      <metrics loc="119" ncloc="73" classes="1" methods="5" coveredmethods="5" conditionals="0" coveredconditionals="0" statements="34" coveredstatements="34" elements="39" coveredelements="39"/>
    </file>
    <file name="/Users/dangin/Projects/Jeedom/plugins/Optimize/tests/mocked_Jeedom_env/plugins/Optimize/core/class/OptimizeParser.class.php">
      <class name="OptimizeParser" namespace="global">
        <metrics complexity="21" methods="5" coveredmethods="2" conditionals="0" coveredconditionals="0" statements="66" coveredstatements="58" elements="71" coveredelements="60"/>
      </class>
      <line num="30" type="method" name="parse" visibility="public" complexity="5" crap="5" count="15"/>
      <line num="32" type="stmt" count="15"/>
      <line num="33" type="stmt" count="15"/>
      <line num="34" type="stmt" count="8"/>
      <line num="35" type="stmt" count="7"/>
      <line num="36" type="stmt" count="3"/>
      <line num="37" type="stmt" count="4"/>
      <line num="38" type="stmt" count="3"/>
      <line num="39" type="stmt" count="1"/>
      <line num="40" type="stmt" count="1"/>
      <line num="42" type="stmt" count="15"/>
      <line num="53" type="method" name="optimizeScenario" visibility="private" complexity="5" crap="5" count="8"/>
      <line num="55" type="stmt" count="8"/>
      <line num="56" type="stmt" count="8"/>
      <line num="57" type="stmt" count="8"/>
      <line num="59" type="stmt" count="8"/>
      <line num="60" type="stmt" count="3"/>
      <line num="61" type="stmt" count="3"/>
      <line num="62" type="stmt" count="5"/>
      <line num="63" type="stmt" count="1"/>
      <line num="64" type="stmt" count="1"/>
      <line num="65" type="stmt" count="4"/>
      <line num="66" type="stmt" count="1"/>
      <line num="67" type="stmt" count="1"/>
      <line num="68" type="stmt" count="3"/>
      <line num="69" type="stmt" count="2"/>
      <line num="70" type="stmt" count="2"/>
      <line num="72" type="stmt" count="1"/>
      <line num="73" type="stmt" count="1"/>
      <line num="75" type="stmt" count="8"/>
      <line num="86" type="method" name="optimizePlugin" visibility="private" complexity="4" crap="4.30" count="3"/>
      <line num="88" type="stmt" count="3"/>
      <line num="89" type="stmt" count="3"/>
      <line num="90" type="stmt" count="3"/>
      <line num="92" type="stmt" count="3"/>
      <line num="93" type="stmt" count="2"/>
      <line num="94" type="stmt" count="2"/>
      <line num="95" type="stmt" count="1"/>
      <line num="96" type="stmt" count="0"/>
      <line num="97" type="stmt" count="0"/>
      <line num="98" type="stmt" count="1"/>
      <line num="99" type="stmt" count="0"/>
      <line num="100" type="stmt" count="0"/>
      <line num="102" type="stmt" count="1"/>
      <line num="103" type="stmt" count="1"/>
      <line num="105" type="stmt" count="3"/>
      <line num="116" type="method" name="optimizeSystem" visibility="private" complexity="4" crap="4.04" count="3"/>
      <line num="118" type="stmt" count="3"/>
      <line num="119" type="stmt" count="3"/>
      <line num="121" type="stmt" count="3"/>
      <line num="123" type="stmt" count="3"/>
      <line num="124" type="stmt" count="1"/>
      <line num="125" type="stmt" count="1"/>
      <line num="126" type="stmt" count="2"/>
      <line num="127" type="stmt" count="1"/>
      <line num="128" type="stmt" count="1"/>
      <line num="129" type="stmt" count="1"/>
      <line num="130" type="stmt" count="0"/>
      <line num="131" type="stmt" count="0"/>
      <line num="133" type="stmt" count="1"/>
      <line num="134" type="stmt" count="1"/>
      <line num="136" type="stmt" count="3"/>
      <line num="145" type="method" name="optimizeRaspberryPi" visibility="private" complexity="3" crap="3.14" count="1"/>
      <line num="147" type="stmt" count="1"/>
      <line num="148" type="stmt" count="1"/>
      <line num="150" type="stmt" count="1"/>
      <line num="151" type="stmt" count="1"/>
      <line num="152" type="stmt" count="0"/>
      <line num="153" type="stmt" count="1"/>
      <line num="154" type="stmt" count="0"/>
      <line num="156" type="stmt" count="1"/>
      <metrics loc="158" ncloc="104" classes="1" methods="5" coveredmethods="2" conditionals="0" coveredconditionals="0" statements="66" coveredstatements="58" elements="71" coveredelements="60"/>
    </file>
    <file name="/Users/dangin/Projects/Jeedom/plugins/Optimize/tests/mocked_Jeedom_env/plugins/Optimize/core/class/OptimizePlugins.class.php">
      <class name="OptimizePlugins" namespace="global">
        <metrics complexity="34" methods="11" coveredmethods="9" conditionals="0" coveredconditionals="0" statements="85" coveredstatements="74" elements="96" coveredelements="83"/>
      </class>
      <line num="28" type="method" name="getAllPlugins" visibility="private" complexity="1" crap="1" count="3"/>
      <line num="30" type="stmt" count="3"/>
      <line num="40" type="method" name="getInformationsFromPlugin" visibility="private" complexity="4" crap="4" count="1"/>
      <line num="42" type="stmt" count="1"/>
      <line num="44" type="stmt" count="1"/>
      <line num="45" type="stmt" count="1"/>
      <line num="46" type="stmt" count="1"/>
      <line num="47" type="stmt" count="1"/>
      <line num="48" type="stmt" count="1"/>
      <line num="51" type="stmt" count="1"/>
      <line num="52" type="stmt" count="1"/>
      <line num="53" type="stmt" count="1"/>
      <line num="56" type="stmt" count="1"/>
      <line num="58" type="stmt" count="1"/>
      <line num="68" type="method" name="ratePluginInformations" visibility="private" complexity="4" crap="4" count="1"/>
      <line num="70" type="stmt" count="1"/>
      <line num="73" type="stmt" count="1"/>
      <line num="74" type="stmt" count="1"/>
      <line num="75" type="stmt" count="1"/>
      <line num="76" type="stmt" count="1"/>
      <line num="79" type="stmt" count="1"/>
      <line num="80" type="stmt" count="1"/>
      <line num="81" type="stmt" count="1"/>
      <line num="85" type="stmt" count="1"/>
      <line num="86" type="stmt" count="1"/>
      <line num="87" type="stmt" count="1"/>
      <line num="91" type="stmt" count="1"/>
      <line num="92" type="stmt" count="1"/>
      <line num="93" type="stmt" count="1"/>
      <line num="96" type="stmt" count="1"/>
      <line num="104" type="method" name="getInformations" visibility="public" complexity="2" crap="2" count="1"/>
      <line num="106" type="stmt" count="1"/>
      <line num="107" type="stmt" count="1"/>
      <line num="109" type="stmt" count="1"/>
      <line num="110" type="stmt" count="1"/>
      <line num="111" type="stmt" count="1"/>
      <line num="112" type="stmt" count="1"/>
      <line num="113" type="stmt" count="1"/>
      <line num="115" type="stmt" count="1"/>
      <line num="125" type="method" name="getPluginById" visibility="private" complexity="1" crap="1" count="4"/>
      <line num="127" type="stmt" count="4"/>
      <line num="135" type="method" name="getPluginsDirectory" visibility="private" complexity="1" crap="1" count="2"/>
      <line num="137" type="stmt" count="2"/>
      <line num="145" type="method" name="disableLogs" visibility="public" complexity="3" crap="3" count="4"/>
      <line num="147" type="stmt" count="4"/>
      <line num="148" type="stmt" count="2"/>
      <line num="149" type="stmt" count="2"/>
      <line num="150" type="stmt" count="2"/>
      <line num="153" type="stmt" count="2"/>
      <line num="155" type="stmt" count="4"/>
      <line num="160" type="method" name="disablePluginLog" visibility="private" complexity="3" crap="3" count="4"/>
      <line num="162" type="stmt" count="4"/>
      <line num="163" type="stmt" count="4"/>
      <line num="164" type="stmt" count="4"/>
      <line num="165" type="stmt" count="4"/>
      <line num="168" type="stmt" count="4"/>
      <line num="169" type="stmt" count="4"/>
      <line num="170" type="stmt" count="4"/>
      <line num="177" type="method" name="changePluginPath" visibility="public" complexity="4" crap="20.00" count="0"/>
      <line num="180" type="stmt" count="0"/>
      <line num="181" type="stmt" count="0"/>
      <line num="182" type="stmt" count="0"/>
      <line num="183" type="stmt" count="0"/>
      <line num="185" type="stmt" count="0"/>
      <line num="188" type="stmt" count="0"/>
      <line num="189" type="stmt" count="0"/>
      <line num="190" type="stmt" count="0"/>
      <line num="192" type="stmt" count="0"/>
      <line num="199" type="method" name="deleteDirectory" visibility="private" complexity="5" crap="5" count="2"/>
      <line num="201" type="stmt" count="2"/>
      <line num="202" type="stmt" count="2"/>
      <line num="203" type="stmt" count="2"/>
      <line num="204" type="stmt" count="1"/>
      <line num="205" type="stmt" count="1"/>
      <line num="206" type="stmt" count="1"/>
      <line num="208" type="stmt" count="2"/>
      <line num="212" type="stmt" count="2"/>
      <line num="213" type="stmt" count="2"/>
      <line num="222" type="method" name="removeIfDisabled" visibility="public" complexity="6" crap="6.06" count="2"/>
      <line num="224" type="stmt" count="2"/>
      <line num="225" type="stmt" count="2"/>
      <line num="226" type="stmt" count="2"/>
      <line num="227" type="stmt" count="2"/>
      <line num="228" type="stmt" count="2"/>
      <line num="230" type="stmt" count="2"/>
      <line num="232" type="stmt" count="0"/>
      <line num="233" type="stmt" count="0"/>
      <line num="236" type="stmt" count="2"/>
      <line num="237" type="stmt" count="2"/>
      <line num="238" type="stmt" count="1"/>
      <line num="239" type="stmt" count="1"/>
      <line num="240" type="stmt" count="1"/>
      <line num="241" type="stmt" count="1"/>
      <line num="244" type="stmt" count="2"/>
      <line num="245" type="stmt" count="2"/>
      <line num="248" type="stmt" count="2"/>
      <metrics loc="250" ncloc="154" classes="1" methods="11" coveredmethods="9" conditionals="0" coveredconditionals="0" statements="85" coveredstatements="74" elements="96" coveredelements="83"/>
    </file>
    <file name="/Users/dangin/Projects/Jeedom/plugins/Optimize/tests/mocked_Jeedom_env/plugins/Optimize/core/class/OptimizeRPi.class.php">
      <class name="OptimizeRPi" namespace="global">
        <metrics complexity="36" methods="17" coveredmethods="11" conditionals="0" coveredconditionals="0" statements="75" coveredstatements="55" elements="92" coveredelements="66"/>
      </class>
      <line num="58" type="method" name="isRaspberryPi" visibility="public" complexity="3" crap="3" count="3"/>
      <line num="60" type="stmt" count="3"/>
      <line num="62" type="stmt" count="3"/>
      <line num="64" type="stmt" count="3"/>
      <line num="67" type="stmt" count="3"/>
      <line num="68" type="stmt" count="3"/>
      <line num="69" type="stmt" count="2"/>
      <line num="71" type="stmt" count="3"/>
      <line num="79" type="method" name="canParseSystemConfigFile" visibility="public" complexity="2" crap="2" count="10"/>
      <line num="81" type="stmt" count="10"/>
      <line num="82" type="stmt" count="10"/>
      <line num="83" type="stmt" count="10"/>
      <line num="85" type="stmt" count="10"/>
      <line num="93" type="method" name="getRating" visibility="public" complexity="1" crap="1" count="10"/>
      <line num="95" type="stmt" count="10"/>
      <line num="96" type="stmt" count="10"/>
      <line num="97" type="stmt" count="10"/>
      <line num="98" type="stmt" count="10"/>
      <line num="106" type="method" name="getGpuMemOptimizationInformation" visibility="private" complexity="1" crap="1" count="10"/>
      <line num="108" type="stmt" count="10"/>
      <line num="116" type="method" name="getL2CacheOptimizationInformation" visibility="private" complexity="1" crap="1" count="10"/>
      <line num="118" type="stmt" count="10"/>
      <line num="129" type="method" name="getOptimizationInformation" visibility="private" complexity="4" crap="4" count="10"/>
      <line num="131" type="stmt" count="10"/>
      <line num="132" type="stmt" count="10"/>
      <line num="133" type="stmt" count="10"/>
      <line num="134" type="stmt" count="7"/>
      <line num="135" type="stmt" count="4"/>
      <line num="138" type="stmt" count="10"/>
      <line num="139" type="stmt" count="9"/>
      <line num="141" type="stmt" count="10"/>
      <line num="144" type="method" name="getRaspberryConfigFile" visibility="private" complexity="1" crap="1" count="10"/>
      <line num="146" type="stmt" count="10"/>
      <line num="154" type="method" name="isSystemConfigFileReadable" visibility="private" complexity="3" crap="3" count="10"/>
      <line num="156" type="stmt" count="10"/>
      <line num="157" type="stmt" count="10"/>
      <line num="158" type="stmt" count="10"/>
      <line num="159" type="stmt" count="10"/>
      <line num="160" type="stmt" count="10"/>
      <line num="163" type="stmt" count="10"/>
      <line num="169" type="method" name="parseSystemConfigFile" visibility="private" complexity="5" crap="5" count="10"/>
      <line num="171" type="stmt" count="10"/>
      <line num="172" type="stmt" count="10"/>
      <line num="174" type="stmt" count="10"/>
      <line num="175" type="stmt" count="10"/>
      <line num="176" type="stmt" count="10"/>
      <line num="177" type="stmt" count="10"/>
      <line num="179" type="stmt" count="10"/>
      <line num="180" type="stmt" count="10"/>
      <line num="181" type="stmt" count="10"/>
      <line num="182" type="stmt" count="10"/>
      <line num="183" type="stmt" count="10"/>
      <line num="187" type="stmt" count="10"/>
      <line num="188" type="stmt" count="10"/>
      <line num="190" type="stmt" count="10"/>
      <line num="200" type="method" name="lineContaintsInformation" visibility="private" complexity="3" crap="3" count="10"/>
      <line num="202" type="stmt" count="10"/>
      <line num="204" type="stmt" count="10"/>
      <line num="206" type="stmt" count="10"/>
      <line num="207" type="stmt" count="10"/>
      <line num="210" type="stmt" count="10"/>
      <line num="221" type="method" name="readSystemConfigLineInformation" visibility="private" complexity="2" crap="2" count="10"/>
      <line num="223" type="stmt" count="10"/>
      <line num="224" type="stmt" count="10"/>
      <line num="225" type="stmt" count="10"/>
      <line num="227" type="stmt" count="10"/>
      <line num="235" type="method" name="optimizeGpuMem" visibility="public" complexity="1" crap="2.00" count="0"/>
      <line num="237" type="stmt" count="0"/>
      <line num="245" type="method" name="optimizeL2Cache" visibility="public" complexity="1" crap="2.00" count="0"/>
      <line num="247" type="stmt" count="0"/>
      <line num="258" type="method" name="optimizeItem" visibility="private" complexity="4" crap="20.00" count="0"/>
      <line num="260" type="stmt" count="0"/>
      <line num="261" type="stmt" count="0"/>
      <line num="262" type="stmt" count="0"/>
      <line num="263" type="stmt" count="0"/>
      <line num="265" type="stmt" count="0"/>
      <line num="267" type="stmt" count="0"/>
      <line num="268" type="stmt" count="0"/>
      <line num="271" type="stmt" count="0"/>
      <line num="279" type="method" name="createBackupSystemConfigFile" visibility="private" complexity="2" crap="6.00" count="0"/>
      <line num="281" type="stmt" count="0"/>
      <line num="282" type="stmt" count="0"/>
      <line num="283" type="stmt" count="0"/>
      <line num="284" type="stmt" count="0"/>
      <line num="285" type="stmt" count="0"/>
      <line num="287" type="stmt" count="0"/>
      <line num="295" type="method" name="commentParameter" visibility="private" complexity="1" crap="2.00" count="0"/>
      <line num="297" type="stmt" count="0"/>
      <line num="298" type="stmt" count="0"/>
      <line num="306" type="method" name="addParameter" visibility="private" complexity="1" crap="2.00" count="0"/>
      <line num="308" type="stmt" count="0"/>
      <line num="309" type="stmt" count="0"/>
      <metrics loc="310" ncloc="172" classes="1" methods="17" coveredmethods="11" conditionals="0" coveredconditionals="0" statements="75" coveredstatements="55" elements="92" coveredelements="66"/>
    </file>
    <file name="/Users/dangin/Projects/Jeedom/plugins/Optimize/tests/mocked_Jeedom_env/plugins/Optimize/core/class/OptimizeScenarios.class.php">
      <class name="OptimizeScenarios" namespace="global">
        <metrics complexity="18" methods="9" coveredmethods="6" conditionals="0" coveredconditionals="0" statements="61" coveredstatements="22" elements="70" coveredelements="28"/>
      </class>
      <line num="28" type="method" name="getAll" visibility="private" complexity="1" crap="1" count="2"/>
      <line num="30" type="stmt" count="2"/>
      <line num="40" type="method" name="extractInformationsFromScenario" visibility="private" complexity="1" crap="2.00" count="0"/>
      <line num="42" type="stmt" count="0"/>
      <line num="44" type="stmt" count="0"/>
      <line num="45" type="stmt" count="0"/>
      <line num="46" type="stmt" count="0"/>
      <line num="47" type="stmt" count="0"/>
      <line num="48" type="stmt" count="0"/>
      <line num="50" type="stmt" count="0"/>
      <line num="51" type="stmt" count="0"/>
      <line num="52" type="stmt" count="0"/>
      <line num="62" type="method" name="rateScenarioInformations" visibility="private" complexity="6" crap="42.00" count="0"/>
      <line num="64" type="stmt" count="0"/>
      <line num="67" type="stmt" count="0"/>
      <line num="68" type="stmt" count="0"/>
      <line num="69" type="stmt" count="0"/>
      <line num="70" type="stmt" count="0"/>
      <line num="71" type="stmt" count="0"/>
      <line num="74" type="stmt" count="0"/>
      <line num="75" type="stmt" count="0"/>
      <line num="76" type="stmt" count="0"/>
      <line num="80" type="stmt" count="0"/>
      <line num="81" type="stmt" count="0"/>
      <line num="82" type="stmt" count="0"/>
      <line num="86" type="stmt" count="0"/>
      <line num="87" type="stmt" count="0"/>
      <line num="88" type="stmt" count="0"/>
      <line num="91" type="stmt" count="0"/>
      <line num="92" type="stmt" count="0"/>
      <line num="93" type="stmt" count="0"/>
      <line num="94" type="stmt" count="0"/>
      <line num="95" type="stmt" count="0"/>
      <line num="96" type="stmt" count="0"/>
      <line num="99" type="stmt" count="0"/>
      <line num="107" type="method" name="getInformations" visibility="public" complexity="2" crap="6.00" count="0"/>
      <line num="109" type="stmt" count="0"/>
      <line num="110" type="stmt" count="0"/>
      <line num="112" type="stmt" count="0"/>
      <line num="113" type="stmt" count="0"/>
      <line num="114" type="stmt" count="0"/>
      <line num="115" type="stmt" count="0"/>
      <line num="116" type="stmt" count="0"/>
      <line num="118" type="stmt" count="0"/>
      <line num="128" type="method" name="getScenarioById" visibility="private" complexity="1" crap="1" count="10"/>
      <line num="130" type="stmt" count="10"/>
      <line num="138" type="method" name="disableLogs" visibility="public" complexity="3" crap="3" count="5"/>
      <line num="140" type="stmt" count="5"/>
      <line num="141" type="stmt" count="2"/>
      <line num="142" type="stmt" count="2"/>
      <line num="143" type="stmt" count="2"/>
      <line num="144" type="stmt" count="2"/>
      <line num="147" type="stmt" count="3"/>
      <line num="148" type="stmt" count="3"/>
      <line num="149" type="stmt" count="3"/>
      <line num="151" type="stmt" count="5"/>
      <line num="158" type="method" name="setSyncMode" visibility="public" complexity="1" crap="1" count="2"/>
      <line num="160" type="stmt" count="2"/>
      <line num="161" type="stmt" count="2"/>
      <line num="162" type="stmt" count="2"/>
      <line num="163" type="stmt" count="2"/>
      <line num="170" type="method" name="removeIfDisabled" visibility="public" complexity="2" crap="2" count="4"/>
      <line num="172" type="stmt" count="4"/>
      <line num="173" type="stmt" count="4"/>
      <line num="174" type="stmt" count="2"/>
      <line num="176" type="stmt" count="4"/>
      <line num="183" type="method" name="remove" visibility="public" complexity="1" crap="1" count="3"/>
      <line num="184" type="stmt" count="3"/>
      <line num="185" type="stmt" count="3"/>
      <line num="186" type="stmt" count="3"/>
      <metrics loc="187" ncloc="111" classes="1" methods="9" coveredmethods="6" conditionals="0" coveredconditionals="0" statements="61" coveredstatements="22" elements="70" coveredelements="28"/>
    </file>
    <file name="/Users/dangin/Projects/Jeedom/plugins/Optimize/tests/mocked_Jeedom_env/plugins/Optimize/core/class/OptimizeSystem.class.php">
      <class name="OptimizeSystem" namespace="global">
        <metrics complexity="53" methods="18" coveredmethods="16" conditionals="0" coveredconditionals="0" statements="114" coveredstatements="99" elements="132" coveredelements="115"/>
      </class>
      <line num="41" type="method" name="__construct" visibility="public" complexity="1" crap="1" count="13"/>
      <line num="43" type="stmt" count="13"/>
      <line num="44" type="stmt" count="13"/>
      <line num="53" type="method" name="rateSystemLogInformations" visibility="private" complexity="2" crap="2" count="1"/>
      <line num="55" type="stmt" count="1"/>
      <line num="58" type="stmt" count="1"/>
      <line num="59" type="stmt" count="1"/>
      <line num="62" type="stmt" count="1"/>
      <line num="63" type="stmt" count="1"/>
      <line num="64" type="stmt" count="1"/>
      <line num="67" type="stmt" count="1"/>
      <line num="75" type="method" name="getLogInformations" visibility="public" complexity="7" crap="7" count="1"/>
      <line num="77" type="stmt" count="1"/>
      <line num="79" type="stmt" count="1"/>
      <line num="80" type="stmt" count="1"/>
      <line num="81" type="stmt" count="1"/>
      <line num="82" type="stmt" count="1"/>
      <line num="83" type="stmt" count="1"/>
      <line num="84" type="stmt" count="1"/>
      <line num="87" type="stmt" count="1"/>
      <line num="88" type="stmt" count="1"/>
      <line num="89" type="stmt" count="1"/>
      <line num="92" type="stmt" count="1"/>
      <line num="93" type="stmt" count="1"/>
      <line num="94" type="stmt" count="1"/>
      <line num="96" type="stmt" count="1"/>
      <line num="104" type="method" name="isPipInstalled" visibility="public" complexity="2" crap="6.00" count="0"/>
      <line num="106" type="stmt" count="0"/>
      <line num="109" type="stmt" count="0"/>
      <line num="111" type="stmt" count="0"/>
      <line num="112" type="stmt" count="0"/>
      <line num="114" type="stmt" count="0"/>
      <line num="122" type="method" name="isCssCompressorInstalled" visibility="public" complexity="1" crap="1" count="1"/>
      <line num="124" type="stmt" count="1"/>
      <line num="132" type="method" name="isJsMinInstalled" visibility="public" complexity="1" crap="1" count="1"/>
      <line num="134" type="stmt" count="1"/>
      <line num="144" type="method" name="testPipPackage" visibility="public" complexity="2" crap="2" count="1"/>
      <line num="146" type="stmt" count="1"/>
      <line num="150" type="stmt" count="1"/>
      <line num="151" type="stmt" count="1"/>
      <line num="152" type="stmt" count="1"/>
      <line num="154" type="stmt" count="1"/>
      <line num="164" type="method" name="install" visibility="public" complexity="3" crap="3" count="1"/>
      <line num="166" type="stmt" count="1"/>
      <line num="168" type="stmt" count="1"/>
      <line num="169" type="stmt" count="1"/>
      <line num="170" type="stmt" count="1"/>
      <line num="171" type="stmt" count="1"/>
      <line num="172" type="stmt" count="1"/>
      <line num="173" type="stmt" count="1"/>
      <line num="175" type="stmt" count="1"/>
      <line num="185" type="method" name="minify" visibility="public" complexity="3" crap="3" count="1"/>
      <line num="187" type="stmt" count="1"/>
      <line num="189" type="stmt" count="1"/>
      <line num="190" type="stmt" count="1"/>
      <line num="191" type="stmt" count="1"/>
      <line num="192" type="stmt" count="1"/>
      <line num="193" type="stmt" count="1"/>
      <line num="194" type="stmt" count="1"/>
      <line num="195" type="stmt" count="1"/>
      <line num="196" type="stmt" count="1"/>
      <line num="198" type="stmt" count="1"/>
      <line num="208" type="method" name="pipInstall" visibility="private" complexity="2" crap="2" count="1"/>
      <line num="210" type="stmt" count="1"/>
      <line num="211" type="stmt" count="1"/>
      <line num="212" type="stmt" count="1"/>
      <line num="213" type="stmt" count="1"/>
      <line num="215" type="stmt" count="1"/>
      <line num="225" type="method" name="minifyCss" visibility="private" complexity="4" crap="4" count="1"/>
      <line num="227" type="stmt" count="1"/>
      <line num="228" type="stmt" count="1"/>
      <line num="229" type="stmt" count="1"/>
      <line num="230" type="stmt" count="1"/>
      <line num="231" type="stmt" count="1"/>
      <line num="232" type="stmt" count="1"/>
      <line num="233" type="stmt" count="1"/>
      <line num="234" type="stmt" count="1"/>
      <line num="238" type="stmt" count="1"/>
      <line num="248" type="method" name="minifyJavascript" visibility="private" complexity="8" crap="26.96" count="1"/>
      <line num="250" type="stmt" count="1"/>
      <line num="251" type="stmt" count="1"/>
      <line num="252" type="stmt" count="1"/>
      <line num="253" type="stmt" count="0"/>
      <line num="254" type="stmt" count="0"/>
      <line num="255" type="stmt" count="0"/>
      <line num="256" type="stmt" count="0"/>
      <line num="257" type="stmt" count="0"/>
      <line num="258" type="stmt" count="0"/>
      <line num="259" type="stmt" count="0"/>
      <line num="260" type="stmt" count="0"/>
      <line num="261" type="stmt" count="0"/>
      <line num="267" type="stmt" count="1"/>
      <line num="268" type="stmt" count="0"/>
      <line num="271" type="stmt" count="1"/>
      <line num="282" type="method" name="isFileNotBeMinify" visibility="protected" complexity="2" crap="2" count="3"/>
      <line num="284" type="stmt" count="3"/>
      <line num="285" type="stmt" count="3"/>
      <line num="286" type="stmt" count="3"/>
      <line num="287" type="stmt" count="2"/>
      <line num="289" type="stmt" count="3"/>
      <line num="297" type="method" name="storeFileHash" visibility="protected" complexity="1" crap="1" count="3"/>
      <line num="299" type="stmt" count="3"/>
      <line num="300" type="stmt" count="3"/>
      <line num="301" type="stmt" count="3"/>
      <line num="309" type="method" name="getHashFile" visibility="protected" complexity="1" crap="1" count="3"/>
      <line num="311" type="stmt" count="3"/>
      <line num="322" type="method" name="findFilesRecursively" visibility="protected" complexity="7" crap="7" count="3"/>
      <line num="324" type="stmt" count="3"/>
      <line num="325" type="stmt" count="3"/>
      <line num="326" type="stmt" count="3"/>
      <line num="327" type="stmt" count="3"/>
      <line num="328" type="stmt" count="3"/>
      <line num="329" type="stmt" count="3"/>
      <line num="330" type="stmt" count="3"/>
      <line num="331" type="stmt" count="3"/>
      <line num="333" type="stmt" count="3"/>
      <line num="334" type="stmt" count="3"/>
      <line num="339" type="stmt" count="3"/>
      <line num="342" type="method" name="disableLogs" visibility="public" complexity="3" crap="3" count="3"/>
      <line num="344" type="stmt" count="3"/>
      <line num="345" type="stmt" count="1"/>
      <line num="346" type="stmt" count="1"/>
      <line num="349" type="stmt" count="2"/>
      <line num="351" type="stmt" count="3"/>
      <line num="358" type="method" name="disableSystemLog" visibility="public" complexity="3" crap="3" count="3"/>
      <line num="360" type="stmt" count="3"/>
      <line num="361" type="stmt" count="3"/>
      <line num="362" type="stmt" count="3"/>
      <line num="363" type="stmt" count="3"/>
      <line num="366" type="stmt" count="3"/>
      <line num="367" type="stmt" count="3"/>
      <line num="368" type="stmt" count="3"/>
      <metrics loc="369" ncloc="230" classes="1" methods="18" coveredmethods="16" conditionals="0" coveredconditionals="0" statements="114" coveredstatements="99" elements="132" coveredelements="115"/>
    </file>
    <file name="/Users/dangin/Projects/Jeedom/plugins/Optimize/tests/mocked_Jeedom_env/plugins/Optimize/desktop/class/DesktopOptimize.class.php">
      <class name="DesktopOptimize" namespace="global">
        <metrics complexity="15" methods="3" coveredmethods="1" conditionals="0" coveredconditionals="0" statements="54" coveredstatements="15" elements="57" coveredelements="16"/>
      </class>
      <line num="29" type="method" name="init" visibility="public" complexity="10" crap="110.00" count="0"/>
      <line num="31" type="stmt" count="0"/>
      <line num="32" type="stmt" count="0"/>
      <line num="34" type="stmt" count="0"/>
      <line num="35" type="stmt" count="0"/>
      <line num="37" type="stmt" count="0"/>
      <line num="38" type="stmt" count="0"/>
      <line num="40" type="stmt" count="0"/>
      <line num="41" type="stmt" count="0"/>
      <line num="42" type="stmt" count="0"/>
      <line num="43" type="stmt" count="0"/>
      <line num="44" type="stmt" count="0"/>
      <line num="45" type="stmt" count="0"/>
      <line num="48" type="stmt" count="0"/>
      <line num="49" type="stmt" count="0"/>
      <line num="50" type="stmt" count="0"/>
      <line num="51" type="stmt" count="0"/>
      <line num="52" type="stmt" count="0"/>
      <line num="53" type="stmt" count="0"/>
      <line num="54" type="stmt" count="0"/>
      <line num="55" type="stmt" count="0"/>
      <line num="59" type="stmt" count="0"/>
      <line num="60" type="stmt" count="0"/>
      <line num="61" type="stmt" count="0"/>
      <line num="62" type="stmt" count="0"/>
      <line num="63" type="stmt" count="0"/>
      <line num="67" type="stmt" count="0"/>
      <line num="68" type="stmt" count="0"/>
      <line num="69" type="stmt" count="0"/>
      <line num="70" type="stmt" count="0"/>
      <line num="71" type="stmt" count="0"/>
      <line num="75" type="stmt" count="0"/>
      <line num="76" type="stmt" count="0"/>
      <line num="77" type="stmt" count="0"/>
      <line num="78" type="stmt" count="0"/>
      <line num="79" type="stmt" count="0"/>
      <line num="83" type="stmt" count="0"/>
      <line num="84" type="stmt" count="0"/>
      <line num="85" type="stmt" count="0"/>
      <line num="95" type="method" name="showActionCell" visibility="public" complexity="4" crap="4.02" count="12"/>
      <line num="97" type="stmt" count="12"/>
      <line num="98" type="stmt" count="12"/>
      <line num="99" type="stmt" count="0"/>
      <line num="101" type="stmt" count="12"/>
      <line num="102" type="stmt" count="12"/>
      <line num="103" type="stmt" count="11"/>
      <line num="105" type="stmt" count="1"/>
      <line num="107" type="stmt" count="12"/>
      <line num="108" type="stmt" count="12"/>
      <line num="110" type="method" name="show" visibility="public" complexity="1" crap="1" count="10"/>
      <line num="112" type="stmt" count="10"/>
      <line num="113" type="stmt" count="10"/>
      <line num="114" type="stmt" count="10"/>
      <line num="116" type="stmt" count="10"/>
      <line num="117" type="stmt" count="10"/>
      <line num="118" type="stmt" count="10"/>
      <line num="119" type="stmt" count="10"/>
      <metrics loc="119" ncloc="94" classes="1" methods="3" coveredmethods="1" conditionals="0" coveredconditionals="0" statements="54" coveredstatements="15" elements="57" coveredelements="16"/>
    </file>
    <file name="/Users/dangin/Projects/Jeedom/plugins/Optimize/tests/mocked_Jeedom_env/plugins/Optimize/desktop/php/Optimize.php">
      <line num="19" type="stmt" count="1"/>
      <line num="21" type="stmt" count="1"/>
      <line num="23" type="stmt" count="1"/>
      <line num="24" type="stmt" count="1"/>
      <line num="27" type="stmt" count="0"/>
      <line num="28" type="stmt" count="0"/>
      <line num="29" type="stmt" count="0"/>
      <metrics loc="29" ncloc="14" classes="0" methods="0" coveredmethods="0" conditionals="0" coveredconditionals="0" statements="7" coveredstatements="4" elements="7" coveredelements="4"/>
    </file>
    <file name="/Users/dangin/Projects/Jeedom/plugins/Optimize/tests/mocked_Jeedom_env/plugins/Optimize/desktop/templates/view.php">
      <line num="20" type="stmt" count="10"/>
      <line num="35" type="stmt" count="3"/>
      <line num="37" type="stmt" count="10"/>
      <line num="84" type="stmt" count="10"/>
      <line num="94" type="stmt" count="0"/>
      <line num="96" type="stmt" count="0"/>
      <line num="101" type="stmt" count="0"/>
      <line num="102" type="stmt" count="0"/>
      <line num="103" type="stmt" count="0"/>
      <line num="104" type="stmt" count="0"/>
      <line num="106" type="stmt" count="0"/>
      <line num="108" type="stmt" count="10"/>
      <line num="152" type="stmt" count="10"/>
      <line num="163" type="stmt" count="0"/>
      <line num="164" type="stmt" count="0"/>
      <line num="165" type="stmt" count="0"/>
      <line num="167" type="stmt" count="0"/>
      <line num="169" type="stmt" count="10"/>
      <line num="208" type="stmt" count="10"/>
      <line num="215" type="stmt" count="0"/>
      <line num="217" type="stmt" count="0"/>
      <line num="219" type="stmt" count="0"/>
      <line num="221" type="stmt" count="10"/>
      <line num="226" type="stmt" count="5"/>
      <line num="234" type="stmt" count="1"/>
      <line num="238" type="stmt" count="4"/>
      <line num="243" type="stmt" count="5"/>
      <line num="248" type="stmt" count="1"/>
      <line num="252" type="stmt" count="4"/>
      <line num="257" type="stmt" count="5"/>
      <line num="260" type="stmt" count="5"/>
      <line num="266" type="stmt" count="10"/>
      <line num="269" type="stmt" count="3"/>
      <line num="272" type="stmt" count="2"/>
      <line num="274" type="stmt" count="3"/>
      <line num="288" type="stmt" count="3"/>
      <line num="294" type="stmt" count="3"/>
      <line num="299" type="stmt" count="0"/>
      <line num="301" type="stmt" count="3"/>
      <line num="303" type="stmt" count="10"/>
      <metrics loc="342" ncloc="327" classes="0" methods="0" coveredmethods="0" conditionals="0" coveredconditionals="0" statements="40" coveredstatements="25" elements="40" coveredelements="25"/>
    </file>
    <file name="/Users/dangin/Projects/Jeedom/plugins/Optimize/tests/mocked_Jeedom_env/plugins/Optimize/plugin_info/configuration.php">
      <line num="19" type="stmt" count="2"/>
      <line num="20" type="stmt" count="2"/>
      <line num="22" type="stmt" count="2"/>
      <line num="24" type="stmt" count="2"/>
      <line num="31" type="stmt" count="2"/>
      <line num="33" type="stmt" count="2"/>
      <line num="35" type="stmt" count="1"/>
      <line num="42" type="stmt" count="2"/>
      <metrics loc="59" ncloc="40" classes="0" methods="0" coveredmethods="0" conditionals="0" coveredconditionals="0" statements="8" coveredstatements="8" elements="8" coveredelements="8"/>
    </file>
    <file name="/Users/dangin/Projects/Jeedom/plugins/Optimize/tests/mocked_Jeedom_env/plugins/Optimize/plugin_info/install.php">
      <line num="28" type="stmt" count="1"/>
      <line num="29" type="stmt" count="1"/>
      <line num="30" type="stmt" count="1"/>
      <line num="31" type="stmt" count="1"/>
      <line num="32" type="stmt" count="1"/>
      <line num="33" type="stmt" count="1"/>
      <line num="40" type="stmt" count="0"/>
      <line num="41" type="stmt" count="0"/>
      <line num="43" type="stmt" count="0"/>
      <line num="50" type="stmt" count="1"/>
      <line num="51" type="stmt" count="1"/>
      <line num="52" type="stmt" count="1"/>
      <line num="53" type="stmt" count="1"/>
      <line num="54" type="stmt" count="1"/>
      <line num="55" type="stmt" count="1"/>
      <metrics loc="55" ncloc="31" classes="0" methods="0" coveredmethods="0" conditionals="0" coveredconditionals="0" statements="15" coveredstatements="12" elements="15" coveredelements="12"/>
    </file>
    <file name="/Users/dangin/Projects/Jeedom/plugins/Optimize/tests/mocked_Jeedom_env/plugins/Optimize/tests/BaseOptimizeTest.php">
      <class name="BaseOptimizeMocked" namespace="global">
        <metrics complexity="2" methods="2" coveredmethods="2" conditionals="0" coveredconditionals="0" statements="4" coveredstatements="4" elements="6" coveredelements="6"/>
      </class>
      <class name="BaseOptimizeTest" namespace="global">
        <metrics complexity="8" methods="8" coveredmethods="8" conditionals="0" coveredconditionals="0" statements="30" coveredstatements="30" elements="38" coveredelements="38"/>
      </class>
      <line num="26" type="method" name="setBadPoints" visibility="public" complexity="1" crap="1" count="1"/>
      <line num="28" type="stmt" count="1"/>
      <line num="29" type="stmt" count="1"/>
      <line num="31" type="method" name="setBestScore" visibility="public" complexity="1" crap="1" count="2"/>
      <line num="33" type="stmt" count="2"/>
      <line num="34" type="stmt" count="2"/>
      <line num="39" type="method" name="testInitEffects" visibility="public" complexity="1" crap="1" count="1"/>
      <line num="41" type="stmt" count="1"/>
      <line num="42" type="stmt" count="1"/>
      <line num="43" type="stmt" count="1"/>
      <line num="44" type="stmt" count="1"/>
      <line num="46" type="method" name="testCanSudoOk" visibility="public" complexity="1" crap="1" count="1"/>
      <line num="48" type="stmt" count="1"/>
      <line num="49" type="stmt" count="1"/>
      <line num="50" type="stmt" count="1"/>
      <line num="51" type="stmt" count="1"/>
      <line num="53" type="method" name="testCanSudoBad" visibility="public" complexity="1" crap="1" count="1"/>
      <line num="55" type="stmt" count="1"/>
      <line num="56" type="stmt" count="1"/>
      <line num="57" type="stmt" count="1"/>
      <line num="58" type="stmt" count="1"/>
      <line num="60" type="method" name="testGetCurrentScore" visibility="public" complexity="1" crap="1" count="1"/>
      <line num="62" type="stmt" count="1"/>
      <line num="63" type="stmt" count="1"/>
      <line num="64" type="stmt" count="1"/>
      <line num="65" type="stmt" count="1"/>
      <line num="66" type="stmt" count="1"/>
      <line num="68" type="method" name="testGetBestScore" visibility="public" complexity="1" crap="1" count="1"/>
      <line num="70" type="stmt" count="1"/>
      <line num="71" type="stmt" count="1"/>
      <line num="72" type="stmt" count="1"/>
      <line num="73" type="stmt" count="1"/>
      <line num="75" type="method" name="testCanSudoTrue" visibility="public" complexity="1" crap="1" count="1"/>
      <line num="77" type="stmt" count="1"/>
      <line num="78" type="stmt" count="1"/>
      <line num="79" type="stmt" count="1"/>
      <line num="81" type="method" name="testCanSudoFalse" visibility="public" complexity="1" crap="1" count="1"/>
      <line num="83" type="stmt" count="1"/>
      <line num="84" type="stmt" count="1"/>
      <line num="85" type="stmt" count="1"/>
      <line num="87" type="method" name="testGetJeedomRootDirectory" visibility="public" complexity="1" crap="1" count="1"/>
      <line num="89" type="stmt" count="1"/>
      <line num="90" type="stmt" count="1"/>
      <line num="91" type="stmt" count="1"/>
      <metrics loc="92" ncloc="77" classes="2" methods="10" coveredmethods="10" conditionals="0" coveredconditionals="0" statements="34" coveredstatements="34" elements="44" coveredelements="44"/>
    </file>
    <file name="/Users/dangin/Projects/Jeedom/plugins/Optimize/tests/mocked_Jeedom_env/plugins/Optimize/tests/ConfigurationTest.php">
      <class name="ConfigurationTest" namespace="global">
        <metrics complexity="5" methods="5" coveredmethods="4" conditionals="0" coveredconditionals="0" statements="33" coveredstatements="27" elements="38" coveredelements="31"/>
      </class>
      <line num="27" type="method" name="setUp" visibility="protected" complexity="1" crap="1" count="2"/>
      <line num="29" type="stmt" count="2"/>
      <line num="30" type="stmt" count="2"/>
      <line num="32" type="method" name="tearDown" visibility="protected" complexity="1" crap="1" count="2"/>
      <line num="34" type="stmt" count="2"/>
      <line num="36" type="method" name="testNotConnected" visibility="public" complexity="1" crap="2.00" count="0"/>
      <line num="38" type="stmt" count="0"/>
      <line num="39" type="stmt" count="0"/>
      <line num="40" type="stmt" count="0"/>
      <line num="41" type="stmt" count="0"/>
      <line num="43" type="stmt" count="0"/>
      <line num="45" type="stmt" count="0"/>
      <line num="47" type="method" name="testWithUserConnectedOnDIY" visibility="public" complexity="1" crap="1" count="1"/>
      <line num="49" type="stmt" count="1"/>
      <line num="50" type="stmt" count="1"/>
      <line num="51" type="stmt" count="1"/>
      <line num="52" type="stmt" count="1"/>
      <line num="53" type="stmt" count="1"/>
      <line num="54" type="stmt" count="1"/>
      <line num="55" type="stmt" count="1"/>
      <line num="56" type="stmt" count="1"/>
      <line num="57" type="stmt" count="1"/>
      <line num="58" type="stmt" count="1"/>
      <line num="59" type="stmt" count="1"/>
      <line num="60" type="stmt" count="1"/>
      <line num="62" type="method" name="testWithUserConnectedOnRaspberry" visibility="public" complexity="1" crap="1" count="1"/>
      <line num="64" type="stmt" count="1"/>
      <line num="65" type="stmt" count="1"/>
      <line num="66" type="stmt" count="1"/>
      <line num="67" type="stmt" count="1"/>
      <line num="68" type="stmt" count="1"/>
      <line num="69" type="stmt" count="1"/>
      <line num="70" type="stmt" count="1"/>
      <line num="71" type="stmt" count="1"/>
      <line num="72" type="stmt" count="1"/>
      <line num="73" type="stmt" count="1"/>
      <line num="74" type="stmt" count="1"/>
      <line num="75" type="stmt" count="1"/>
      <metrics loc="76" ncloc="59" classes="1" methods="5" coveredmethods="4" conditionals="0" coveredconditionals="0" statements="33" coveredstatements="27" elements="38" coveredelements="31"/>
    </file>
    <file name="/Users/dangin/Projects/Jeedom/plugins/Optimize/tests/mocked_Jeedom_env/plugins/Optimize/tests/DataStorageTest.php">
      <class name="DataStorageTest" namespace="global">
        <metrics complexity="18" methods="18" coveredmethods="18" conditionals="0" coveredconditionals="0" statements="130" coveredstatements="130" elements="148" coveredelements="148"/>
      </class>
      <line num="32" type="method" name="setUp" visibility="protected" complexity="1" crap="1" count="16"/>
      <line num="34" type="stmt" count="16"/>
      <line num="35" type="stmt" count="16"/>
      <line num="36" type="stmt" count="16"/>
      <line num="37" type="stmt" count="16"/>
      <line num="39" type="method" name="tearDown" visibility="protected" complexity="1" crap="1" count="16"/>
      <line num="41" type="stmt" count="16"/>
      <line num="42" type="stmt" count="16"/>
      <line num="44" type="method" name="testIsDataTableExistsWithEmptyDatabase" visibility="public" complexity="1" crap="1" count="1"/>
      <line num="46" type="stmt" count="1"/>
      <line num="47" type="stmt" count="1"/>
      <line num="48" type="stmt" count="1"/>
      <line num="49" type="stmt" count="1"/>
      <line num="50" type="stmt" count="1"/>
      <line num="51" type="stmt" count="1"/>
      <line num="52" type="stmt" count="1"/>
      <line num="53" type="stmt" count="1"/>
      <line num="55" type="method" name="testIsDataTableExistsWithCreatedTable" visibility="public" complexity="1" crap="1" count="1"/>
      <line num="57" type="stmt" count="1"/>
      <line num="58" type="stmt" count="1"/>
      <line num="59" type="stmt" count="1"/>
      <line num="60" type="stmt" count="1"/>
      <line num="61" type="stmt" count="1"/>
      <line num="62" type="stmt" count="1"/>
      <line num="63" type="stmt" count="1"/>
      <line num="64" type="stmt" count="1"/>
      <line num="66" type="method" name="testCreateDataTableWithEmptyDatabase" visibility="public" complexity="1" crap="1" count="1"/>
      <line num="68" type="stmt" count="1"/>
      <line num="69" type="stmt" count="1"/>
      <line num="70" type="stmt" count="1"/>
      <line num="71" type="stmt" count="1"/>
      <line num="72" type="stmt" count="1"/>
      <line num="73" type="stmt" count="1"/>
      <line num="74" type="stmt" count="1"/>
      <line num="75" type="stmt" count="1"/>
      <line num="77" type="method" name="testCreateDataTableWithCreatedTable" visibility="public" complexity="1" crap="1" count="1"/>
      <line num="79" type="stmt" count="1"/>
      <line num="80" type="stmt" count="1"/>
      <line num="81" type="stmt" count="1"/>
      <line num="82" type="stmt" count="1"/>
      <line num="83" type="stmt" count="1"/>
      <line num="84" type="stmt" count="1"/>
      <line num="85" type="stmt" count="1"/>
      <line num="86" type="stmt" count="1"/>
      <line num="88" type="method" name="testDropDataTable" visibility="public" complexity="1" crap="1" count="1"/>
      <line num="90" type="stmt" count="1"/>
      <line num="91" type="stmt" count="1"/>
      <line num="92" type="stmt" count="1"/>
      <line num="93" type="stmt" count="1"/>
      <line num="94" type="stmt" count="1"/>
      <line num="95" type="stmt" count="1"/>
      <line num="96" type="stmt" count="1"/>
      <line num="98" type="method" name="testDeleteData" visibility="public" complexity="1" crap="1" count="1"/>
      <line num="100" type="stmt" count="1"/>
      <line num="101" type="stmt" count="1"/>
      <line num="102" type="stmt" count="1"/>
      <line num="103" type="stmt" count="1"/>
      <line num="104" type="stmt" count="1"/>
      <line num="105" type="stmt" count="1"/>
      <line num="106" type="stmt" count="1"/>
      <line num="107" type="stmt" count="1"/>
      <line num="109" type="method" name="testGetRawDataWithoutData" visibility="public" complexity="1" crap="1" count="1"/>
      <line num="111" type="stmt" count="1"/>
      <line num="112" type="stmt" count="1"/>
      <line num="113" type="stmt" count="1"/>
      <line num="114" type="stmt" count="1"/>
      <line num="115" type="stmt" count="1"/>
      <line num="116" type="stmt" count="1"/>
      <line num="117" type="stmt" count="1"/>
      <line num="119" type="method" name="testGetRawDataWithData" visibility="public" complexity="1" crap="1" count="1"/>
      <line num="121" type="stmt" count="1"/>
      <line num="122" type="stmt" count="1"/>
      <line num="123" type="stmt" count="1"/>
      <line num="124" type="stmt" count="1"/>
      <line num="125" type="stmt" count="1"/>
      <line num="126" type="stmt" count="1"/>
      <line num="127" type="stmt" count="1"/>
      <line num="128" type="stmt" count="1"/>
      <line num="130" type="method" name="testIsDataExistsWithoutData" visibility="public" complexity="1" crap="1" count="1"/>
      <line num="132" type="stmt" count="1"/>
      <line num="133" type="stmt" count="1"/>
      <line num="134" type="stmt" count="1"/>
      <line num="135" type="stmt" count="1"/>
      <line num="136" type="stmt" count="1"/>
      <line num="137" type="stmt" count="1"/>
      <line num="138" type="stmt" count="1"/>
      <line num="140" type="method" name="testIsDataExistsWithData" visibility="public" complexity="1" crap="1" count="1"/>
      <line num="142" type="stmt" count="1"/>
      <line num="143" type="stmt" count="1"/>
      <line num="144" type="stmt" count="1"/>
      <line num="145" type="stmt" count="1"/>
      <line num="146" type="stmt" count="1"/>
      <line num="147" type="stmt" count="1"/>
      <line num="148" type="stmt" count="1"/>
      <line num="149" type="stmt" count="1"/>
      <line num="151" type="method" name="testAddRawData" visibility="public" complexity="1" crap="1" count="1"/>
      <line num="153" type="stmt" count="1"/>
      <line num="154" type="stmt" count="1"/>
      <line num="155" type="stmt" count="1"/>
      <line num="156" type="stmt" count="1"/>
      <line num="157" type="stmt" count="1"/>
      <line num="158" type="stmt" count="1"/>
      <line num="159" type="stmt" count="1"/>
      <line num="161" type="method" name="testUpdateRawData" visibility="public" complexity="1" crap="1" count="1"/>
      <line num="163" type="stmt" count="1"/>
      <line num="164" type="stmt" count="1"/>
      <line num="165" type="stmt" count="1"/>
      <line num="166" type="stmt" count="1"/>
      <line num="167" type="stmt" count="1"/>
      <line num="168" type="stmt" count="1"/>
      <line num="169" type="stmt" count="1"/>
      <line num="171" type="method" name="testStoreRawDataWithoutData" visibility="public" complexity="1" crap="1" count="1"/>
      <line num="173" type="stmt" count="1"/>
      <line num="174" type="stmt" count="1"/>
      <line num="175" type="stmt" count="1"/>
      <line num="176" type="stmt" count="1"/>
      <line num="177" type="stmt" count="1"/>
      <line num="178" type="stmt" count="1"/>
      <line num="179" type="stmt" count="1"/>
      <line num="180" type="stmt" count="1"/>
      <line num="182" type="method" name="testStoreRawDataWithData" visibility="public" complexity="1" crap="1" count="1"/>
      <line num="184" type="stmt" count="1"/>
      <line num="185" type="stmt" count="1"/>
      <line num="186" type="stmt" count="1"/>
      <line num="187" type="stmt" count="1"/>
      <line num="188" type="stmt" count="1"/>
      <line num="189" type="stmt" count="1"/>
      <line num="190" type="stmt" count="1"/>
      <line num="191" type="stmt" count="1"/>
      <line num="192" type="stmt" count="1"/>
      <line num="194" type="method" name="testStoreJsonData" visibility="public" complexity="1" crap="1" count="1"/>
      <line num="196" type="stmt" count="1"/>
      <line num="197" type="stmt" count="1"/>
      <line num="198" type="stmt" count="1"/>
      <line num="199" type="stmt" count="1"/>
      <line num="200" type="stmt" count="1"/>
      <line num="201" type="stmt" count="1"/>
      <line num="202" type="stmt" count="1"/>
      <line num="203" type="stmt" count="1"/>
      <line num="205" type="method" name="testGetJsonData" visibility="public" complexity="1" crap="1" count="1"/>
      <line num="207" type="stmt" count="1"/>
      <line num="208" type="stmt" count="1"/>
      <line num="209" type="stmt" count="1"/>
      <line num="210" type="stmt" count="1"/>
      <line num="211" type="stmt" count="1"/>
      <line num="212" type="stmt" count="1"/>
      <line num="213" type="stmt" count="1"/>
      <line num="214" type="stmt" count="1"/>
      <metrics loc="215" ncloc="200" classes="1" methods="18" coveredmethods="18" conditionals="0" coveredconditionals="0" statements="130" coveredstatements="130" elements="148" coveredelements="148"/>
    </file>
    <file name="/Users/dangin/Projects/Jeedom/plugins/Optimize/tests/mocked_Jeedom_env/plugins/Optimize/tests/DesktopOptimizeTest.php">
      <class name="DesktopOptimizeTest" namespace="global">
        <metrics complexity="4" methods="4" coveredmethods="3" conditionals="0" coveredconditionals="0" statements="20" coveredstatements="13" elements="24" coveredelements="16"/>
      </class>
      <line num="28" type="method" name="setUp" visibility="public" complexity="1" crap="1" count="2"/>
      <line num="30" type="stmt" count="2"/>
      <line num="31" type="stmt" count="2"/>
      <line num="32" type="stmt" count="2"/>
      <line num="34" type="method" name="testInit" visibility="public" complexity="1" crap="2.00" count="0"/>
      <line num="36" type="stmt" count="0"/>
      <line num="37" type="stmt" count="0"/>
      <line num="38" type="stmt" count="0"/>
      <line num="39" type="stmt" count="0"/>
      <line num="40" type="stmt" count="0"/>
      <line num="41" type="stmt" count="0"/>
      <line num="42" type="stmt" count="0"/>
      <line num="44" type="method" name="testShowActionCellWithOk" visibility="public" complexity="1" crap="1" count="1"/>
      <line num="46" type="stmt" count="1"/>
      <line num="47" type="stmt" count="1"/>
      <line num="48" type="stmt" count="1"/>
      <line num="49" type="stmt" count="1"/>
      <line num="50" type="stmt" count="1"/>
      <line num="52" type="method" name="testShowActionCellWithWarn" visibility="public" complexity="1" crap="1" count="1"/>
      <line num="54" type="stmt" count="1"/>
      <line num="55" type="stmt" count="1"/>
      <line num="56" type="stmt" count="1"/>
      <line num="57" type="stmt" count="1"/>
      <line num="58" type="stmt" count="1"/>
      <metrics loc="59" ncloc="44" classes="1" methods="4" coveredmethods="3" conditionals="0" coveredconditionals="0" statements="20" coveredstatements="13" elements="24" coveredelements="16"/>
    </file>
    <file name="/Users/dangin/Projects/Jeedom/plugins/Optimize/tests/mocked_Jeedom_env/plugins/Optimize/tests/DesktopPhpOptimizeTest.php">
      <class name="DesktopPhpOptimizeTest" namespace="global">
        <metrics complexity="5" methods="4" coveredmethods="2" conditionals="0" coveredconditionals="0" statements="19" coveredstatements="8" elements="23" coveredelements="10"/>
      </class>
      <line num="25" type="method" name="setUp" visibility="protected" complexity="1" crap="1" count="1"/>
      <line num="27" type="stmt" count="1"/>
      <line num="29" type="method" name="tearDown" visibility="protected" complexity="1" crap="1" count="1"/>
      <line num="31" type="stmt" count="1"/>
      <line num="33" type="method" name="testNotConnected" visibility="public" complexity="2" crap="2.01" count="1"/>
      <line num="35" type="stmt" count="1"/>
      <line num="36" type="stmt" count="1"/>
      <line num="38" type="stmt" count="1"/>
      <line num="39" type="stmt" count="0"/>
      <line num="40" type="stmt" count="1"/>
      <line num="41" type="stmt" count="1"/>
      <line num="43" type="stmt" count="1"/>
      <line num="45" type="method" name="testWithUserConnected" visibility="public" complexity="1" crap="2.00" count="0"/>
      <line num="47" type="stmt" count="0"/>
      <line num="48" type="stmt" count="0"/>
      <line num="49" type="stmt" count="0"/>
      <line num="50" type="stmt" count="0"/>
      <line num="51" type="stmt" count="0"/>
      <line num="52" type="stmt" count="0"/>
      <line num="53" type="stmt" count="0"/>
      <line num="54" type="stmt" count="0"/>
      <line num="55" type="stmt" count="0"/>
      <line num="56" type="stmt" count="0"/>
      <metrics loc="57" ncloc="42" classes="1" methods="4" coveredmethods="2" conditionals="0" coveredconditionals="0" statements="19" coveredstatements="8" elements="23" coveredelements="10"/>
    </file>
    <file name="/Users/dangin/Projects/Jeedom/plugins/Optimize/tests/mocked_Jeedom_env/plugins/Optimize/tests/DesktopViewTest.php">
      <class name="DesktopViewTest" namespace="global">
        <metrics complexity="13" methods="13" coveredmethods="13" conditionals="0" coveredconditionals="0" statements="81" coveredstatements="81" elements="94" coveredelements="94"/>
      </class>
      <line num="40" type="method" name="setUp" visibility="protected" complexity="1" crap="1" count="10"/>
      <line num="42" type="stmt" count="10"/>
      <line num="43" type="stmt" count="10"/>
      <line num="44" type="stmt" count="10"/>
      <line num="45" type="stmt" count="10"/>
      <line num="46" type="stmt" count="10"/>
      <line num="47" type="stmt" count="10"/>
      <line num="48" type="stmt" count="10"/>
      <line num="49" type="stmt" count="10"/>
      <line num="50" type="stmt" count="10"/>
      <line num="51" type="stmt" count="10"/>
      <line num="52" type="stmt" count="10"/>
      <line num="53" type="stmt" count="10"/>
      <line num="54" type="stmt" count="10"/>
      <line num="55" type="stmt" count="10"/>
      <line num="56" type="stmt" count="10"/>
      <line num="57" type="stmt" count="10"/>
      <line num="58" type="stmt" count="10"/>
      <line num="59" type="stmt" count="10"/>
      <line num="60" type="stmt" count="10"/>
      <line num="61" type="stmt" count="10"/>
      <line num="62" type="stmt" count="10"/>
      <line num="63" type="stmt" count="10"/>
      <line num="65" type="method" name="tearDown" visibility="protected" complexity="1" crap="1" count="10"/>
      <line num="67" type="stmt" count="10"/>
      <line num="68" type="stmt" count="10"/>
      <line num="70" type="method" name="requireView" visibility="private" complexity="1" crap="1" count="10"/>
      <line num="72" type="stmt" count="10"/>
      <line num="73" type="stmt" count="10"/>
      <line num="74" type="stmt" count="10"/>
      <line num="75" type="stmt" count="10"/>
      <line num="101" type="method" name="testViewRenderEmpty" visibility="public" complexity="1" crap="1" count="1"/>
      <line num="103" type="stmt" count="1"/>
      <line num="104" type="stmt" count="1"/>
      <line num="105" type="stmt" count="1"/>
      <line num="106" type="stmt" count="1"/>
      <line num="108" type="method" name="testViewRenderRPi" visibility="public" complexity="1" crap="1" count="1"/>
      <line num="110" type="stmt" count="1"/>
      <line num="111" type="stmt" count="1"/>
      <line num="112" type="stmt" count="1"/>
      <line num="113" type="stmt" count="1"/>
      <line num="114" type="stmt" count="1"/>
      <line num="115" type="stmt" count="1"/>
      <line num="117" type="method" name="testViewRenderRPiCanOptimizeCantSudo" visibility="public" complexity="1" crap="1" count="1"/>
      <line num="119" type="stmt" count="1"/>
      <line num="120" type="stmt" count="1"/>
      <line num="121" type="stmt" count="1"/>
      <line num="122" type="stmt" count="1"/>
      <line num="123" type="stmt" count="1"/>
      <line num="124" type="stmt" count="1"/>
      <line num="125" type="stmt" count="1"/>
      <line num="127" type="method" name="testViewRenderRPiCanSudo" visibility="public" complexity="1" crap="1" count="1"/>
      <line num="129" type="stmt" count="1"/>
      <line num="130" type="stmt" count="1"/>
      <line num="131" type="stmt" count="1"/>
      <line num="132" type="stmt" count="1"/>
      <line num="133" type="stmt" count="1"/>
      <line num="134" type="stmt" count="1"/>
      <line num="135" type="stmt" count="1"/>
      <line num="136" type="stmt" count="1"/>
      <line num="138" type="method" name="testSystemCantPip" visibility="public" complexity="1" crap="1" count="1"/>
      <line num="140" type="stmt" count="1"/>
      <line num="141" type="stmt" count="1"/>
      <line num="142" type="stmt" count="1"/>
      <line num="143" type="stmt" count="1"/>
      <line num="145" type="method" name="testSystemCanPip" visibility="public" complexity="1" crap="1" count="1"/>
      <line num="147" type="stmt" count="1"/>
      <line num="148" type="stmt" count="1"/>
      <line num="149" type="stmt" count="1"/>
      <line num="150" type="stmt" count="1"/>
      <line num="152" type="method" name="testSystemNeedCssCompressorInstall" visibility="public" complexity="1" crap="1" count="1"/>
      <line num="154" type="stmt" count="1"/>
      <line num="155" type="stmt" count="1"/>
      <line num="156" type="stmt" count="1"/>
      <line num="157" type="stmt" count="1"/>
      <line num="158" type="stmt" count="1"/>
      <line num="160" type="method" name="testSystemCssCompressorInstalled" visibility="public" complexity="1" crap="1" count="1"/>
      <line num="162" type="stmt" count="1"/>
      <line num="163" type="stmt" count="1"/>
      <line num="164" type="stmt" count="1"/>
      <line num="165" type="stmt" count="1"/>
      <line num="166" type="stmt" count="1"/>
      <line num="168" type="method" name="testSystemNeedJsMinInstall" visibility="public" complexity="1" crap="1" count="1"/>
      <line num="170" type="stmt" count="1"/>
      <line num="171" type="stmt" count="1"/>
      <line num="172" type="stmt" count="1"/>
      <line num="173" type="stmt" count="1"/>
      <line num="174" type="stmt" count="1"/>
      <line num="176" type="method" name="testSystemJsMinInstalled" visibility="public" complexity="1" crap="1" count="1"/>
      <line num="178" type="stmt" count="1"/>
      <line num="179" type="stmt" count="1"/>
      <line num="180" type="stmt" count="1"/>
      <line num="181" type="stmt" count="1"/>
      <line num="182" type="stmt" count="1"/>
      <metrics loc="183" ncloc="133" classes="1" methods="13" coveredmethods="13" conditionals="0" coveredconditionals="0" statements="81" coveredstatements="81" elements="94" coveredelements="94"/>
    </file>
    <file name="/Users/dangin/Projects/Jeedom/plugins/Optimize/tests/mocked_Jeedom_env/plugins/Optimize/tests/InstallationTest.php">
      <class name="InstallationTest" namespace="global">
        <metrics complexity="5" methods="5" coveredmethods="2" conditionals="0" coveredconditionals="0" statements="28" coveredstatements="10" elements="33" coveredelements="12"/>
      </class>
      <line num="28" type="method" name="setUp" visibility="protected" complexity="1" crap="1" count="2"/>
      <line num="30" type="stmt" count="2"/>
      <line num="31" type="stmt" count="2"/>
      <line num="33" type="method" name="tearDown" visibility="protected" complexity="1" crap="1" count="2"/>
      <line num="35" type="stmt" count="2"/>
      <line num="36" type="stmt" count="2"/>
      <line num="38" type="method" name="testInstall" visibility="public" complexity="1" crap="1.34" count="1"/>
      <line num="40" type="stmt" count="1"/>
      <line num="41" type="stmt" count="1"/>
      <line num="42" type="stmt" count="1"/>
      <line num="43" type="stmt" count="0"/>
      <line num="44" type="stmt" count="0"/>
      <line num="45" type="stmt" count="0"/>
      <line num="46" type="stmt" count="0"/>
      <line num="47" type="stmt" count="0"/>
      <line num="48" type="stmt" count="0"/>
      <line num="49" type="stmt" count="0"/>
      <line num="51" type="method" name="testUpdate" visibility="public" complexity="1" crap="2.00" count="0"/>
      <line num="53" type="stmt" count="0"/>
      <line num="54" type="stmt" count="0"/>
      <line num="55" type="stmt" count="0"/>
      <line num="56" type="stmt" count="0"/>
      <line num="58" type="method" name="testRemove" visibility="public" complexity="1" crap="1.34" count="1"/>
      <line num="60" type="stmt" count="1"/>
      <line num="61" type="stmt" count="1"/>
      <line num="62" type="stmt" count="1"/>
      <line num="63" type="stmt" count="0"/>
      <line num="64" type="stmt" count="0"/>
      <line num="65" type="stmt" count="0"/>
      <line num="66" type="stmt" count="0"/>
      <line num="67" type="stmt" count="0"/>
      <line num="68" type="stmt" count="0"/>
      <line num="69" type="stmt" count="0"/>
      <metrics loc="70" ncloc="55" classes="1" methods="5" coveredmethods="2" conditionals="0" coveredconditionals="0" statements="28" coveredstatements="10" elements="33" coveredelements="12"/>
    </file>
    <file name="/Users/dangin/Projects/Jeedom/plugins/Optimize/tests/mocked_Jeedom_env/plugins/Optimize/tests/OptimizeAjaxTest.php">
      <class name="OptimizeAjaxTest" namespace="global">
        <metrics complexity="4" methods="4" coveredmethods="4" conditionals="0" coveredconditionals="0" statements="23" coveredstatements="23" elements="27" coveredelements="27"/>
      </class>
      <line num="27" type="method" name="setUp" visibility="protected" complexity="1" crap="1" count="2"/>
      <line num="29" type="stmt" count="2"/>
      <line num="30" type="stmt" count="2"/>
      <line num="32" type="method" name="tearDown" visibility="protected" complexity="1" crap="1" count="2"/>
      <line num="34" type="stmt" count="2"/>
      <line num="36" type="method" name="testNotConnected" visibility="public" complexity="1" crap="1" count="1"/>
      <line num="38" type="stmt" count="1"/>
      <line num="39" type="stmt" count="1"/>
      <line num="40" type="stmt" count="1"/>
      <line num="41" type="stmt" count="1"/>
      <line num="42" type="stmt" count="1"/>
      <line num="43" type="stmt" count="1"/>
      <line num="44" type="stmt" count="1"/>
      <line num="45" type="stmt" count="1"/>
      <line num="47" type="method" name="testConnected" visibility="public" complexity="1" crap="1" count="1"/>
      <line num="49" type="stmt" count="1"/>
      <line num="50" type="stmt" count="1"/>
      <line num="51" type="stmt" count="1"/>
      <line num="52" type="stmt" count="1"/>
      <line num="53" type="stmt" count="1"/>
      <line num="54" type="stmt" count="1"/>
      <line num="55" type="stmt" count="1"/>
      <line num="56" type="stmt" count="1"/>
      <line num="57" type="stmt" count="1"/>
      <line num="58" type="stmt" count="1"/>
      <line num="59" type="stmt" count="1"/>
      <line num="60" type="stmt" count="1"/>
      <metrics loc="61" ncloc="46" classes="1" methods="4" coveredmethods="4" conditionals="0" coveredconditionals="0" statements="23" coveredstatements="23" elements="27" coveredelements="27"/>
    </file>
    <file name="/Users/dangin/Projects/Jeedom/plugins/Optimize/tests/mocked_Jeedom_env/plugins/Optimize/tests/OptimizeParserTest.php">
      <class name="OptimizeParserTest" namespace="global">
        <metrics complexity="16" methods="16" coveredmethods="16" conditionals="0" coveredconditionals="0" statements="104" coveredstatements="104" elements="120" coveredelements="120"/>
      </class>
      <line num="28" type="method" name="setUp" visibility="protected" complexity="1" crap="1" count="14"/>
      <line num="30" type="stmt" count="14"/>
      <line num="31" type="stmt" count="14"/>
      <line num="32" type="stmt" count="14"/>
      <line num="34" type="method" name="tearDown" visibility="protected" complexity="1" crap="1" count="14"/>
      <line num="36" type="stmt" count="14"/>
      <line num="37" type="stmt" count="14"/>
      <line num="38" type="stmt" count="14"/>
      <line num="39" type="stmt" count="14"/>
      <line num="41" type="method" name="testParserScenarioLog" visibility="public" complexity="1" crap="1" count="1"/>
      <line num="43" type="stmt" count="1"/>
      <line num="44" type="stmt" count="1"/>
      <line num="45" type="stmt" count="1"/>
      <line num="46" type="stmt" count="1"/>
      <line num="47" type="stmt" count="1"/>
      <line num="48" type="stmt" count="1"/>
      <line num="49" type="stmt" count="1"/>
      <line num="50" type="stmt" count="1"/>
      <line num="52" type="method" name="testParserScenarioSyncMode" visibility="public" complexity="1" crap="1" count="1"/>
      <line num="54" type="stmt" count="1"/>
      <line num="55" type="stmt" count="1"/>
      <line num="56" type="stmt" count="1"/>
      <line num="57" type="stmt" count="1"/>
      <line num="58" type="stmt" count="1"/>
      <line num="59" type="stmt" count="1"/>
      <line num="60" type="stmt" count="1"/>
      <line num="61" type="stmt" count="1"/>
      <line num="63" type="method" name="testParserScenarioEnabledWithActivatedScenario" visibility="public" complexity="1" crap="1" count="1"/>
      <line num="65" type="stmt" count="1"/>
      <line num="66" type="stmt" count="1"/>
      <line num="67" type="stmt" count="1"/>
      <line num="68" type="stmt" count="1"/>
      <line num="69" type="stmt" count="1"/>
      <line num="71" type="method" name="testParserScenarioEnabledWithDisabledScenario" visibility="public" complexity="1" crap="1" count="1"/>
      <line num="73" type="stmt" count="1"/>
      <line num="74" type="stmt" count="1"/>
      <line num="75" type="stmt" count="1"/>
      <line num="76" type="stmt" count="1"/>
      <line num="77" type="stmt" count="1"/>
      <line num="78" type="stmt" count="1"/>
      <line num="80" type="method" name="testParserScenarioAllLog" visibility="public" complexity="1" crap="1" count="1"/>
      <line num="82" type="stmt" count="1"/>
      <line num="83" type="stmt" count="1"/>
      <line num="84" type="stmt" count="1"/>
      <line num="85" type="stmt" count="1"/>
      <line num="86" type="stmt" count="1"/>
      <line num="87" type="stmt" count="1"/>
      <line num="88" type="stmt" count="1"/>
      <line num="89" type="stmt" count="1"/>
      <line num="90" type="stmt" count="1"/>
      <line num="91" type="stmt" count="1"/>
      <line num="92" type="stmt" count="1"/>
      <line num="93" type="stmt" count="1"/>
      <line num="94" type="stmt" count="1"/>
      <line num="95" type="stmt" count="1"/>
      <line num="97" type="method" name="testParserScenarioLastLaunch" visibility="public" complexity="1" crap="1" count="1"/>
      <line num="98" type="stmt" count="1"/>
      <line num="99" type="stmt" count="1"/>
      <line num="100" type="stmt" count="1"/>
      <line num="101" type="stmt" count="1"/>
      <line num="102" type="stmt" count="1"/>
      <line num="104" type="method" name="testParserPluginLog" visibility="public" complexity="1" crap="1" count="1"/>
      <line num="106" type="stmt" count="1"/>
      <line num="107" type="stmt" count="1"/>
      <line num="108" type="stmt" count="1"/>
      <line num="109" type="stmt" count="1"/>
      <line num="110" type="stmt" count="1"/>
      <line num="111" type="stmt" count="1"/>
      <line num="112" type="stmt" count="1"/>
      <line num="113" type="stmt" count="1"/>
      <line num="114" type="stmt" count="1"/>
      <line num="116" type="method" name="testParserPluginAllLog" visibility="public" complexity="1" crap="1" count="1"/>
      <line num="118" type="stmt" count="1"/>
      <line num="119" type="stmt" count="1"/>
      <line num="120" type="stmt" count="1"/>
      <line num="121" type="stmt" count="1"/>
      <line num="122" type="stmt" count="1"/>
      <line num="123" type="stmt" count="1"/>
      <line num="124" type="stmt" count="1"/>
      <line num="125" type="stmt" count="1"/>
      <line num="126" type="stmt" count="1"/>
      <line num="127" type="stmt" count="1"/>
      <line num="129" type="method" name="testParserSystemLog" visibility="public" complexity="1" crap="1" count="1"/>
      <line num="131" type="stmt" count="1"/>
      <line num="132" type="stmt" count="1"/>
      <line num="133" type="stmt" count="1"/>
[...]
      <line num="55" type="stmt" count="1"/>
      <line num="56" type="stmt" count="1"/>
      <line num="57" type="stmt" count="1"/>
      <line num="58" type="stmt" count="1"/>
      <line num="59" type="stmt" count="1"/>
      <line num="60" type="stmt" count="1"/>
      <line num="61" type="stmt" count="1"/>
      <line num="62" type="stmt" count="1"/>
      <line num="64" type="method" name="testGetRatingWithGpuMemBest" visibility="public" complexity="1" crap="1" count="1"/>
      <line num="66" type="stmt" count="1"/>
      <line num="67" type="stmt" count="1"/>
      <line num="68" type="stmt" count="1"/>
      <line num="69" type="stmt" count="1"/>
      <line num="70" type="stmt" count="1"/>
      <line num="72" type="method" name="testGetRatingWithGpuMemBad" visibility="public" complexity="1" crap="1" count="1"/>
      <line num="74" type="stmt" count="1"/>
      <line num="75" type="stmt" count="1"/>
      <line num="76" type="stmt" count="1"/>
      <line num="77" type="stmt" count="1"/>
      <line num="78" type="stmt" count="1"/>
      <line num="80" type="method" name="testGetRatingWithGpuMemNoData" visibility="public" complexity="1" crap="1" count="1"/>
      <line num="82" type="stmt" count="1"/>
      <line num="83" type="stmt" count="1"/>
      <line num="84" type="stmt" count="1"/>
      <line num="85" type="stmt" count="1"/>
      <line num="87" type="method" name="testGetRatingWithL2CacheBest" visibility="public" complexity="1" crap="1" count="1"/>
      <line num="89" type="stmt" count="1"/>
      <line num="90" type="stmt" count="1"/>
      <line num="91" type="stmt" count="1"/>
      <line num="92" type="stmt" count="1"/>
      <line num="93" type="stmt" count="1"/>
      <line num="95" type="method" name="testGetRatingWithL2CacheBad" visibility="public" complexity="1" crap="1" count="1"/>
      <line num="97" type="stmt" count="1"/>
      <line num="98" type="stmt" count="1"/>
      <line num="99" type="stmt" count="1"/>
      <line num="100" type="stmt" count="1"/>
      <line num="101" type="stmt" count="1"/>
      <line num="103" type="method" name="testGetRatingWithL2CacheNoData" visibility="public" complexity="1" crap="1" count="1"/>
      <line num="105" type="stmt" count="1"/>
      <line num="106" type="stmt" count="1"/>
      <line num="107" type="stmt" count="1"/>
      <line num="108" type="stmt" count="1"/>
      <line num="110" type="method" name="testGetRatingWithBothBest" visibility="public" complexity="1" crap="1" count="1"/>
      <line num="112" type="stmt" count="1"/>
      <line num="113" type="stmt" count="1"/>
      <line num="114" type="stmt" count="1"/>
      <line num="115" type="stmt" count="1"/>
      <line num="116" type="stmt" count="1"/>
      <line num="117" type="stmt" count="1"/>
      <line num="118" type="stmt" count="1"/>
      <line num="120" type="method" name="testGetRatingWithBothBad" visibility="public" complexity="1" crap="1" count="1"/>
      <line num="122" type="stmt" count="1"/>
      <line num="123" type="stmt" count="1"/>
      <line num="124" type="stmt" count="1"/>
      <line num="125" type="stmt" count="1"/>
      <line num="126" type="stmt" count="1"/>
      <line num="127" type="stmt" count="1"/>
      <line num="128" type="stmt" count="1"/>
      <line num="130" type="method" name="testGetRatingWithOnlyOneGood" visibility="public" complexity="1" crap="1" count="1"/>
      <line num="132" type="stmt" count="1"/>
      <line num="133" type="stmt" count="1"/>
      <line num="134" type="stmt" count="1"/>
      <line num="135" type="stmt" count="1"/>
      <line num="136" type="stmt" count="1"/>
      <line num="137" type="stmt" count="1"/>
      <line num="138" type="stmt" count="1"/>
      <line num="140" type="method" name="testGetRatingWithoutData" visibility="public" complexity="1" crap="1" count="1"/>
      <line num="142" type="stmt" count="1"/>
      <line num="143" type="stmt" count="1"/>
      <line num="144" type="stmt" count="1"/>
      <line num="145" type="stmt" count="1"/>
      <line num="146" type="stmt" count="1"/>
      <metrics loc="147" ncloc="132" classes="1" methods="13" coveredmethods="12" conditionals="0" coveredconditionals="0" statements="76" coveredstatements="75" elements="89" coveredelements="87"/>
    </file>
    <file name="/Users/dangin/Projects/Jeedom/plugins/Optimize/tests/mocked_Jeedom_env/plugins/Optimize/tests/OptimizeScenariosTest.php">
      <class name="OptimizeScenariosTest" namespace="global">
        <metrics complexity="9" methods="9" coveredmethods="7" conditionals="0" coveredconditionals="0" statements="65" coveredstatements="45" elements="74" coveredelements="52"/>
      </class>
      <line num="28" type="method" name="setUp" visibility="protected" complexity="1" crap="1" count="5"/>
      <line num="30" type="stmt" count="5"/>
      <line num="31" type="stmt" count="5"/>
      <line num="32" type="stmt" count="5"/>
      <line num="34" type="method" name="tearDown" visibility="protected" complexity="1" crap="1" count="5"/>
      <line num="36" type="stmt" count="5"/>
      <line num="37" type="stmt" count="5"/>
      <line num="38" type="stmt" count="5"/>
      <line num="39" type="stmt" count="5"/>
      <line num="41" type="method" name="testScenariosGetInformations" visibility="public" complexity="1" crap="2.00" count="0"/>
      <line num="43" type="stmt" count="0"/>
      <line num="44" type="stmt" count="0"/>
      <line num="45" type="stmt" count="0"/>
      <line num="46" type="stmt" count="0"/>
      <line num="47" type="stmt" count="0"/>
      <line num="48" type="stmt" count="0"/>
      <line num="49" type="stmt" count="0"/>
      <line num="50" type="stmt" count="0"/>
      <line num="51" type="stmt" count="0"/>
      <line num="52" type="stmt" count="0"/>
      <line num="53" type="stmt" count="0"/>
      <line num="54" type="stmt" count="0"/>
      <line num="56" type="method" name="testScenariosGetInformationsLastLaunchOldies" visibility="public" complexity="1" crap="2.00" count="0"/>
      <line num="58" type="stmt" count="0"/>
      <line num="59" type="stmt" count="0"/>
      <line num="60" type="stmt" count="0"/>
      <line num="61" type="stmt" count="0"/>
      <line num="62" type="stmt" count="0"/>
      <line num="63" type="stmt" count="0"/>
      <line num="64" type="stmt" count="0"/>
      <line num="65" type="stmt" count="0"/>
      <line num="67" type="method" name="testScenarioDisableLogs" visibility="public" complexity="1" crap="1" count="1"/>
      <line num="69" type="stmt" count="1"/>
      <line num="70" type="stmt" count="1"/>
      <line num="71" type="stmt" count="1"/>
      <line num="72" type="stmt" count="1"/>
      <line num="73" type="stmt" count="1"/>
      <line num="74" type="stmt" count="1"/>
      <line num="75" type="stmt" count="1"/>
      <line num="77" type="method" name="testScenarioDisableAllLogs" visibility="public" complexity="1" crap="1" count="1"/>
      <line num="79" type="stmt" count="1"/>
      <line num="80" type="stmt" count="1"/>
      <line num="81" type="stmt" count="1"/>
      <line num="82" type="stmt" count="1"/>
      <line num="83" type="stmt" count="1"/>
      <line num="84" type="stmt" count="1"/>
      <line num="85" type="stmt" count="1"/>
      <line num="86" type="stmt" count="1"/>
      <line num="87" type="stmt" count="1"/>
      <line num="88" type="stmt" count="1"/>
      <line num="89" type="stmt" count="1"/>
      <line num="90" type="stmt" count="1"/>
      <line num="91" type="stmt" count="1"/>
      <line num="92" type="stmt" count="1"/>
      <line num="94" type="method" name="testScenarioSetSyncMode" visibility="public" complexity="1" crap="1" count="1"/>
      <line num="96" type="stmt" count="1"/>
      <line num="97" type="stmt" count="1"/>
      <line num="98" type="stmt" count="1"/>
      <line num="99" type="stmt" count="1"/>
      <line num="100" type="stmt" count="1"/>
      <line num="101" type="stmt" count="1"/>
      <line num="102" type="stmt" count="1"/>
      <line num="103" type="stmt" count="1"/>
      <line num="105" type="method" name="testScenarioDisableWithEnabledScenario" visibility="public" complexity="1" crap="1" count="1"/>
      <line num="107" type="stmt" count="1"/>
      <line num="108" type="stmt" count="1"/>
      <line num="109" type="stmt" count="1"/>
      <line num="110" type="stmt" count="1"/>
      <line num="112" type="method" name="testScenarioDisableWithDisabledScenario" visibility="public" complexity="1" crap="1" count="1"/>
      <line num="114" type="stmt" count="1"/>
      <line num="115" type="stmt" count="1"/>
      <line num="116" type="stmt" count="1"/>
      <line num="117" type="stmt" count="1"/>
      <line num="118" type="stmt" count="1"/>
      <metrics loc="119" ncloc="104" classes="1" methods="9" coveredmethods="7" conditionals="0" coveredconditionals="0" statements="65" coveredstatements="45" elements="74" coveredelements="52"/>
    </file>
    <file name="/Users/dangin/Projects/Jeedom/plugins/Optimize/tests/mocked_Jeedom_env/plugins/Optimize/tests/OptimizeSystemTest.php">
      <class name="MockedOptimizeSystem" namespace="global">
        <metrics complexity="3" methods="3" coveredmethods="3" conditionals="0" coveredconditionals="0" statements="3" coveredstatements="3" elements="6" coveredelements="6"/>
      </class>
      <class name="OptimizeSystemTest" namespace="global">
        <metrics complexity="10" methods="10" coveredmethods="10" conditionals="0" coveredconditionals="0" statements="99" coveredstatements="99" elements="109" coveredelements="109"/>
      </class>
      <line num="26" type="method" name="mock_isFileNotBeMinify" visibility="public" complexity="1" crap="1" count="2"/>
      <line num="28" type="stmt" count="2"/>
      <line num="31" type="method" name="mock_storeFileHash" visibility="public" complexity="1" crap="1" count="2"/>
      <line num="33" type="stmt" count="2"/>
      <line num="36" type="method" name="mock_findFilesRecursively" visibility="public" complexity="1" crap="1" count="2"/>
      <line num="38" type="stmt" count="2"/>
      <line num="46" type="method" name="setUp" visibility="public" complexity="1" crap="1" count="9"/>
      <line num="48" type="stmt" count="9"/>
      <line num="49" type="stmt" count="9"/>
      <line num="50" type="stmt" count="9"/>
      <line num="52" type="method" name="testGetLogInformations" visibility="public" complexity="1" crap="1" count="1"/>
      <line num="54" type="stmt" count="1"/>
      <line num="55" type="stmt" count="1"/>
      <line num="56" type="stmt" count="1"/>
      <line num="57" type="stmt" count="1"/>
      <line num="58" type="stmt" count="1"/>
      <line num="59" type="stmt" count="1"/>
      <line num="60" type="stmt" count="1"/>
      <line num="61" type="stmt" count="1"/>
      <line num="62" type="stmt" count="1"/>
      <line num="63" type="stmt" count="1"/>
      <line num="64" type="stmt" count="1"/>
      <line num="65" type="stmt" count="1"/>
      <line num="66" type="stmt" count="1"/>
      <line num="67" type="stmt" count="1"/>
      <line num="68" type="stmt" count="1"/>
      <line num="69" type="stmt" count="1"/>
      <line num="70" type="stmt" count="1"/>
      <line num="71" type="stmt" count="1"/>
      <line num="72" type="stmt" count="1"/>
      <line num="73" type="stmt" count="1"/>
      <line num="75" type="method" name="testIsFileNotBeMinifyWithData" visibility="public" complexity="1" crap="1" count="1"/>
      <line num="77" type="stmt" count="1"/>
      <line num="78" type="stmt" count="1"/>
      <line num="79" type="stmt" count="1"/>
      <line num="80" type="stmt" count="1"/>
      <line num="81" type="stmt" count="1"/>
      <line num="82" type="stmt" count="1"/>
      <line num="83" type="stmt" count="1"/>
      <line num="84" type="stmt" count="1"/>
      <line num="85" type="stmt" count="1"/>
      <line num="87" type="method" name="testIsFileNotBeMinifyWithoutData" visibility="public" complexity="1" crap="1" count="1"/>
      <line num="89" type="stmt" count="1"/>
      <line num="90" type="stmt" count="1"/>
      <line num="91" type="stmt" count="1"/>
      <line num="92" type="stmt" count="1"/>
      <line num="93" type="stmt" count="1"/>
      <line num="94" type="stmt" count="1"/>
      <line num="95" type="stmt" count="1"/>
      <line num="96" type="stmt" count="1"/>
      <line num="98" type="method" name="testStoreFileHashNewFile" visibility="public" complexity="1" crap="1" count="1"/>
      <line num="100" type="stmt" count="1"/>
      <line num="101" type="stmt" count="1"/>
      <line num="102" type="stmt" count="1"/>
      <line num="103" type="stmt" count="1"/>
      <line num="104" type="stmt" count="1"/>
      <line num="105" type="stmt" count="1"/>
      <line num="106" type="stmt" count="1"/>
      <line num="107" type="stmt" count="1"/>
      <line num="109" type="method" name="testStoreFileHashOldFile" visibility="public" complexity="1" crap="1" count="1"/>
      <line num="111" type="stmt" count="1"/>
      <line num="112" type="stmt" count="1"/>
      <line num="113" type="stmt" count="1"/>
      <line num="114" type="stmt" count="1"/>
      <line num="115" type="stmt" count="1"/>
      <line num="116" type="stmt" count="1"/>
      <line num="117" type="stmt" count="1"/>
      <line num="118" type="stmt" count="1"/>
      <line num="119" type="stmt" count="1"/>
      <line num="121" type="method" name="testFindFilesRecursively" visibility="public" complexity="1" crap="1" count="1"/>
      <line num="123" type="stmt" count="1"/>
      <line num="124" type="stmt" count="1"/>
      <line num="125" type="stmt" count="1"/>
      <line num="126" type="stmt" count="1"/>
      <line num="127" type="stmt" count="1"/>
      <line num="129" type="method" name="testFindFilesRecursivelyWithIgnore" visibility="public" complexity="1" crap="1" count="1"/>
      <line num="131" type="stmt" count="1"/>
      <line num="132" type="stmt" count="1"/>
      <line num="133" type="stmt" count="1"/>
      <line num="134" type="stmt" count="1"/>
      <line num="135" type="stmt" count="1"/>
      <line num="136" type="stmt" count="1"/>
      <line num="137" type="stmt" count="1"/>
      <line num="138" type="stmt" count="1"/>
      <line num="139" type="stmt" count="1"/>
      <line num="140" type="stmt" count="1"/>
      <line num="141" type="stmt" count="1"/>
      <line num="142" type="stmt" count="1"/>
      <line num="143" type="stmt" count="1"/>
      <line num="144" type="stmt" count="1"/>
      <line num="145" type="stmt" count="1"/>
      <line num="146" type="stmt" count="1"/>
      <line num="147" type="stmt" count="1"/>
      <line num="150" type="method" name="testDisableLogs" visibility="public" complexity="1" crap="1" count="1"/>
      <line num="152" type="stmt" count="1"/>
      <line num="153" type="stmt" count="1"/>
      <line num="154" type="stmt" count="1"/>
      <line num="155" type="stmt" count="1"/>
      <line num="156" type="stmt" count="1"/>
      <line num="157" type="stmt" count="1"/>
      <line num="158" type="stmt" count="1"/>
      <line num="160" type="method" name="testDisableAllLogs" visibility="public" complexity="1" crap="1" count="1"/>
      <line num="162" type="stmt" count="1"/>
      <line num="163" type="stmt" count="1"/>
      <line num="164" type="stmt" count="1"/>
      <line num="165" type="stmt" count="1"/>
      <line num="166" type="stmt" count="1"/>
      <line num="167" type="stmt" count="1"/>
      <line num="168" type="stmt" count="1"/>
      <line num="169" type="stmt" count="1"/>
      <line num="170" type="stmt" count="1"/>
      <line num="171" type="stmt" count="1"/>
      <line num="172" type="stmt" count="1"/>
      <line num="173" type="stmt" count="1"/>
      <line num="174" type="stmt" count="1"/>
      <metrics loc="175" ncloc="160" classes="2" methods="13" coveredmethods="13" conditionals="0" coveredconditionals="0" statements="102" coveredstatements="102" elements="115" coveredelements="115"/>
    </file>
    <file name="/Users/dangin/Projects/Jeedom/plugins/Optimize/tests/mocked_Jeedom_env/plugins/Optimize/tests/OptimizeTest.php">
      <class name="MockUpdateLogicalId" namespace="global">
        <metrics complexity="2" methods="2" coveredmethods="2" conditionals="0" coveredconditionals="0" statements="3" coveredstatements="3" elements="5" coveredelements="5"/>
      </class>
      <class name="OptimizeTest" namespace="global">
        <metrics complexity="5" methods="5" coveredmethods="3" conditionals="0" coveredconditionals="0" statements="41" coveredstatements="37" elements="46" coveredelements="40"/>
      </class>
      <line num="38" type="method" name="__construct" visibility="public" complexity="1" crap="1" count="2"/>
      <line num="40" type="stmt" count="2"/>
      <line num="41" type="stmt" count="2"/>
      <line num="48" type="method" name="getLocalVersion" visibility="public" complexity="1" crap="1" count="2"/>
      <line num="50" type="stmt" count="2"/>
      <line num="56" type="method" name="setUp" visibility="protected" complexity="1" crap="1" count="3"/>
      <line num="58" type="stmt" count="3"/>
      <line num="59" type="stmt" count="3"/>
      <line num="60" type="stmt" count="3"/>
      <line num="61" type="stmt" count="3"/>
      <line num="63" type="method" name="tearDown" visibility="protected" complexity="1" crap="1" count="3"/>
      <line num="65" type="stmt" count="3"/>
      <line num="67" type="method" name="testCronDailyWithoutPreviousData" visibility="public" complexity="1" crap="1.01" count="1"/>
      <line num="69" type="stmt" count="1"/>
      <line num="70" type="stmt" count="1"/>
      <line num="71" type="stmt" count="1"/>
      <line num="72" type="stmt" count="1"/>
      <line num="73" type="stmt" count="0"/>
      <line num="74" type="stmt" count="1"/>
      <line num="75" type="stmt" count="1"/>
      <line num="76" type="stmt" count="1"/>
      <line num="77" type="stmt" count="1"/>
      <line num="79" type="stmt" count="1"/>
      <line num="80" type="stmt" count="1"/>
      <line num="81" type="stmt" count="1"/>
      <line num="82" type="stmt" count="0"/>
      <line num="83" type="stmt" count="0"/>
      <line num="85" type="method" name="testCronDailyWithoutChange" visibility="public" complexity="1" crap="1.00" count="1"/>
      <line num="87" type="stmt" count="1"/>
      <line num="88" type="stmt" count="1"/>
      <line num="89" type="stmt" count="1"/>
      <line num="90" type="stmt" count="1"/>
      <line num="91" type="stmt" count="1"/>
      <line num="92" type="stmt" count="0"/>
      <line num="93" type="stmt" count="1"/>
      <line num="94" type="stmt" count="1"/>
      <line num="95" type="stmt" count="1"/>
      <line num="96" type="stmt" count="1"/>
      <line num="98" type="stmt" count="1"/>
      <line num="99" type="stmt" count="1"/>
      <line num="100" type="stmt" count="1"/>
      <line num="101" type="stmt" count="1"/>
      <line num="102" type="stmt" count="1"/>
      <line num="104" type="method" name="testCronDailyDesactivated" visibility="public" complexity="1" crap="1" count="1"/>
      <line num="106" type="stmt" count="1"/>
      <line num="107" type="stmt" count="1"/>
      <line num="108" type="stmt" count="1"/>
      <line num="109" type="stmt" count="1"/>
      <line num="110" type="stmt" count="1"/>
      <line num="111" type="stmt" count="1"/>
      <line num="112" type="stmt" count="1"/>
      <metrics loc="114" ncloc="83" classes="2" methods="7" coveredmethods="5" conditionals="0" coveredconditionals="0" statements="44" coveredstatements="40" elements="51" coveredelements="45"/>
    </file>
    <metrics files="28" loc="3968" ncloc="2907" classes="26" methods="213" coveredmethods="183" conditionals="0" coveredconditionals="0" statements="1441" coveredstatements="1221" elements="1654" coveredelements="1404"/>
  </project>
</coverage>
